2025/02/19 09:47:55 [notice] 1#1: using the "epoll" event method
2025/02/19 09:47:55 [notice] 1#1: nginx/1.24.0
2025/02/19 09:47:55 [notice] 1#1: built by gcc 12.2.1 20220924 (Alpine 12.2.1_git20220924-r4) 
2025/02/19 09:47:55 [notice] 1#1: OS: Linux 5.15.0-130-generic
2025/02/19 09:47:55 [notice] 1#1: getrlimit(RLIMIT_NOFILE): 1048576:1048576
2025/02/19 09:47:55 [notice] 1#1: start worker processes
2025/02/19 09:47:55 [notice] 1#1: start worker process 20
2025/02/19 09:47:55 [notice] 1#1: start worker process 21
2025/02/19 09:47:55 [notice] 1#1: start worker process 22
2025/02/19 09:47:55 [notice] 1#1: start worker process 23
2025/02/19 09:47:55 [notice] 1#1: start worker process 24
2025/02/19 09:47:55 [notice] 1#1: start worker process 25
2025/02/19 09:47:55 [notice] 1#1: start worker process 26
2025/02/19 09:47:55 [notice] 1#1: start worker process 27
2025/02/19 09:51:35 [notice] 1#1: signal 3 (SIGQUIT) received, shutting down
2025/02/19 09:51:35 [notice] 21#21: gracefully shutting down
2025/02/19 09:51:35 [notice] 22#22: gracefully shutting down
2025/02/19 09:51:35 [notice] 20#20: gracefully shutting down
2025/02/19 09:51:35 [notice] 24#24: gracefully shutting down
2025/02/19 09:51:35 [notice] 23#23: gracefully shutting down
2025/02/19 09:51:35 [notice] 25#25: gracefully shutting down
2025/02/19 09:51:35 [notice] 21#21: exiting
2025/02/19 09:51:35 [notice] 22#22: exiting
2025/02/19 09:51:35 [notice] 20#20: exiting
2025/02/19 09:51:35 [notice] 24#24: exiting
2025/02/19 09:51:35 [notice] 23#23: exiting
2025/02/19 09:51:35 [notice] 25#25: exiting
2025/02/19 09:51:35 [notice] 21#21: exit
2025/02/19 09:51:35 [notice] 20#20: exit
2025/02/19 09:51:35 [notice] 24#24: exit
2025/02/19 09:51:35 [notice] 22#22: exit
2025/02/19 09:51:35 [notice] 25#25: exit
2025/02/19 09:51:35 [notice] 23#23: exit
2025/02/19 09:51:35 [notice] 26#26: gracefully shutting down
2025/02/19 09:51:35 [notice] 26#26: exiting
2025/02/19 09:51:35 [notice] 26#26: exit
2025/02/19 09:51:35 [notice] 27#27: gracefully shutting down
2025/02/19 09:51:35 [notice] 27#27: exiting
2025/02/19 09:51:35 [notice] 27#27: exit
2025/02/19 09:51:35 [notice] 1#1: signal 17 (SIGCHLD) received from 21
2025/02/19 09:51:35 [notice] 1#1: worker process 21 exited with code 0
2025/02/19 09:51:35 [notice] 1#1: worker process 22 exited with code 0
2025/02/19 09:51:35 [notice] 1#1: worker process 23 exited with code 0
2025/02/19 09:51:35 [notice] 1#1: worker process 24 exited with code 0
2025/02/19 09:51:35 [notice] 1#1: worker process 27 exited with code 0
2025/02/19 09:51:35 [notice] 1#1: signal 29 (SIGIO) received
2025/02/19 09:51:35 [notice] 1#1: signal 17 (SIGCHLD) received from 24
2025/02/19 09:51:35 [notice] 1#1: signal 17 (SIGCHLD) received from 20
2025/02/19 09:51:35 [notice] 1#1: worker process 20 exited with code 0
2025/02/19 09:51:35 [notice] 1#1: signal 29 (SIGIO) received
2025/02/19 09:51:35 [notice] 1#1: signal 17 (SIGCHLD) received from 25
2025/02/19 09:51:35 [notice] 1#1: worker process 25 exited with code 0
2025/02/19 09:51:35 [notice] 1#1: signal 29 (SIGIO) received
2025/02/19 09:51:35 [notice] 1#1: signal 17 (SIGCHLD) received from 26
2025/02/19 09:51:35 [notice] 1#1: worker process 26 exited with code 0
2025/02/19 09:51:35 [notice] 1#1: exit
2025/02/19 09:51:45 [warn] 1#1: server name "https://kaput.local$request_uri" has suspicious symbols in /etc/nginx/conf.d/app.conf:66
2025/02/19 09:51:45 [notice] 1#1: using the "epoll" event method
2025/02/19 09:51:45 [notice] 1#1: nginx/1.24.0
2025/02/19 09:51:45 [notice] 1#1: built by gcc 12.2.1 20220924 (Alpine 12.2.1_git20220924-r4) 
2025/02/19 09:51:45 [notice] 1#1: OS: Linux 5.15.0-130-generic
2025/02/19 09:51:45 [notice] 1#1: getrlimit(RLIMIT_NOFILE): 1048576:1048576
2025/02/19 09:51:45 [notice] 1#1: start worker processes
2025/02/19 09:51:45 [notice] 1#1: start worker process 20
2025/02/19 09:51:45 [notice] 1#1: start worker process 21
2025/02/19 09:51:45 [notice] 1#1: start worker process 22
2025/02/19 09:51:45 [notice] 1#1: start worker process 23
2025/02/19 09:51:45 [notice] 1#1: start worker process 24
2025/02/19 09:51:45 [notice] 1#1: start worker process 25
2025/02/19 09:51:45 [notice] 1#1: start worker process 26
2025/02/19 09:51:45 [notice] 1#1: start worker process 27
2025/02/21 02:43:31 [notice] 1#1: signal 3 (SIGQUIT) received, shutting down
2025/02/21 02:43:31 [notice] 21#21: gracefully shutting down
2025/02/21 02:43:31 [notice] 23#23: gracefully shutting down
2025/02/21 02:43:31 [notice] 22#22: gracefully shutting down
2025/02/21 02:43:31 [notice] 20#20: gracefully shutting down
2025/02/21 02:43:31 [notice] 25#25: gracefully shutting down
2025/02/21 02:43:31 [notice] 27#27: gracefully shutting down
2025/02/21 02:43:31 [notice] 22#22: exiting
2025/02/21 02:43:31 [notice] 24#24: gracefully shutting down
2025/02/21 02:43:31 [notice] 25#25: exiting
2025/02/21 02:43:31 [notice] 26#26: gracefully shutting down
2025/02/21 02:43:31 [notice] 26#26: exiting
2025/02/21 02:43:31 [notice] 23#23: exiting
2025/02/21 02:43:31 [notice] 24#24: exiting
2025/02/21 02:43:31 [notice] 21#21: exiting
2025/02/21 02:43:31 [notice] 27#27: exiting
2025/02/21 02:43:31 [notice] 20#20: exiting
2025/02/21 02:43:31 [notice] 23#23: exit
2025/02/21 02:43:31 [notice] 25#25: exit
2025/02/21 02:43:31 [notice] 21#21: exit
2025/02/21 02:43:31 [notice] 24#24: exit
2025/02/21 02:43:31 [notice] 27#27: exit
2025/02/21 02:43:31 [notice] 26#26: exit
2025/02/21 02:43:31 [notice] 22#22: exit
2025/02/21 02:43:31 [notice] 20#20: exit
2025/02/21 02:43:31 [notice] 1#1: signal 17 (SIGCHLD) received from 21
2025/02/21 02:43:31 [notice] 1#1: worker process 21 exited with code 0
2025/02/21 02:43:31 [notice] 1#1: worker process 24 exited with code 0
2025/02/21 02:43:31 [notice] 1#1: worker process 26 exited with code 0
2025/02/21 02:43:31 [notice] 1#1: worker process 27 exited with code 0
2025/02/21 02:43:31 [notice] 1#1: signal 29 (SIGIO) received
2025/02/21 02:43:31 [notice] 1#1: signal 17 (SIGCHLD) received from 24
2025/02/21 02:43:31 [notice] 1#1: signal 17 (SIGCHLD) received from 23
2025/02/21 02:43:31 [notice] 1#1: worker process 23 exited with code 0
2025/02/21 02:43:31 [notice] 1#1: worker process 25 exited with code 0
2025/02/21 02:43:31 [notice] 1#1: signal 29 (SIGIO) received
2025/02/21 02:43:31 [notice] 1#1: signal 17 (SIGCHLD) received from 25
2025/02/21 02:43:31 [notice] 1#1: signal 17 (SIGCHLD) received from 20
2025/02/21 02:43:31 [notice] 1#1: worker process 20 exited with code 0
2025/02/21 02:43:31 [notice] 1#1: signal 29 (SIGIO) received
2025/02/21 02:43:31 [notice] 1#1: signal 17 (SIGCHLD) received from 22
2025/02/21 02:43:31 [notice] 1#1: worker process 22 exited with code 0
2025/02/21 02:43:31 [notice] 1#1: exit
2025/02/21 04:02:51 [warn] 1#1: server name "https://kaput.local$request_uri" has suspicious symbols in /etc/nginx/conf.d/app.conf:66
2025/02/21 04:02:51 [notice] 1#1: using the "epoll" event method
2025/02/21 04:02:51 [notice] 1#1: nginx/1.24.0
2025/02/21 04:02:51 [notice] 1#1: built by gcc 12.2.1 20220924 (Alpine 12.2.1_git20220924-r4) 
2025/02/21 04:02:51 [notice] 1#1: OS: Linux 5.15.0-130-generic
2025/02/21 04:02:51 [notice] 1#1: getrlimit(RLIMIT_NOFILE): 1048576:1048576
2025/02/21 04:02:51 [notice] 1#1: start worker processes
2025/02/21 04:02:51 [notice] 1#1: start worker process 20
2025/02/21 04:02:51 [notice] 1#1: start worker process 21
2025/02/21 04:02:51 [notice] 1#1: start worker process 22
2025/02/21 04:02:51 [notice] 1#1: start worker process 23
2025/02/21 04:02:51 [notice] 1#1: start worker process 24
2025/02/21 04:02:51 [notice] 1#1: start worker process 25
2025/02/21 04:02:51 [notice] 1#1: start worker process 26
2025/02/21 04:02:51 [notice] 1#1: start worker process 27
2025/02/21 11:32:53 [notice] 1#1: signal 3 (SIGQUIT) received, shutting down
2025/02/21 11:32:53 [notice] 27#27: gracefully shutting down
2025/02/21 11:32:53 [notice] 21#21: gracefully shutting down
2025/02/21 11:32:53 [notice] 26#26: gracefully shutting down
2025/02/21 11:32:53 [notice] 23#23: gracefully shutting down
2025/02/21 11:32:53 [notice] 20#20: gracefully shutting down
2025/02/21 11:32:53 [notice] 20#20: exiting
2025/02/21 11:32:53 [notice] 22#22: gracefully shutting down
2025/02/21 11:32:53 [notice] 26#26: exiting
2025/02/21 11:32:53 [notice] 24#24: gracefully shutting down
2025/02/21 11:32:53 [notice] 25#25: gracefully shutting down
2025/02/21 11:32:53 [notice] 25#25: exiting
2025/02/21 11:32:53 [notice] 23#23: exiting
2025/02/21 11:32:53 [notice] 21#21: exiting
2025/02/21 11:32:53 [notice] 22#22: exiting
2025/02/21 11:32:53 [notice] 27#27: exiting
2025/02/21 11:32:53 [notice] 24#24: exiting
2025/02/21 11:32:53 [notice] 22#22: exit
2025/02/21 11:32:53 [notice] 20#20: exit
2025/02/21 11:32:53 [notice] 27#27: exit
2025/02/21 11:32:53 [notice] 25#25: exit
2025/02/21 11:32:53 [notice] 24#24: exit
2025/02/21 11:32:53 [notice] 26#26: exit
2025/02/21 11:32:53 [notice] 21#21: exit
2025/02/21 11:32:53 [notice] 23#23: exit
2025/02/21 11:32:53 [notice] 1#1: signal 17 (SIGCHLD) received from 26
2025/02/21 11:32:53 [notice] 1#1: worker process 20 exited with code 0
2025/02/21 11:32:53 [notice] 1#1: worker process 24 exited with code 0
2025/02/21 11:32:53 [notice] 1#1: worker process 25 exited with code 0
2025/02/21 11:32:53 [notice] 1#1: worker process 26 exited with code 0
2025/02/21 11:32:53 [notice] 1#1: worker process 27 exited with code 0
2025/02/21 11:32:53 [notice] 1#1: signal 29 (SIGIO) received
2025/02/21 11:32:53 [notice] 1#1: signal 17 (SIGCHLD) received from 22
2025/02/21 11:32:53 [notice] 1#1: worker process 22 exited with code 0
2025/02/21 11:32:53 [notice] 1#1: signal 29 (SIGIO) received
2025/02/21 11:32:53 [notice] 1#1: signal 17 (SIGCHLD) received from 21
2025/02/21 11:32:53 [notice] 1#1: worker process 21 exited with code 0
2025/02/21 11:32:53 [notice] 1#1: signal 29 (SIGIO) received
2025/02/21 11:32:53 [notice] 1#1: signal 17 (SIGCHLD) received from 23
2025/02/21 11:32:53 [notice] 1#1: worker process 23 exited with code 0
2025/02/21 11:32:53 [notice] 1#1: exit
2025/02/24 06:17:10 [warn] 1#1: server name "https://overherd.local$request_uri" has suspicious symbols in /etc/nginx/conf.d/app.conf:66
2025/02/24 06:17:10 [notice] 1#1: using the "epoll" event method
2025/02/24 06:17:10 [notice] 1#1: nginx/1.24.0
2025/02/24 06:17:10 [notice] 1#1: built by gcc 12.2.1 20220924 (Alpine 12.2.1_git20220924-r4) 
2025/02/24 06:17:10 [notice] 1#1: OS: Linux 5.15.0-130-generic
2025/02/24 06:17:10 [notice] 1#1: getrlimit(RLIMIT_NOFILE): 1048576:1048576
2025/02/24 06:17:10 [notice] 1#1: start worker processes
2025/02/24 06:17:10 [notice] 1#1: start worker process 20
2025/02/24 06:17:10 [notice] 1#1: start worker process 21
2025/02/24 06:17:10 [notice] 1#1: start worker process 22
2025/02/24 06:17:10 [notice] 1#1: start worker process 23
2025/02/24 06:17:10 [notice] 1#1: start worker process 24
2025/02/24 06:17:10 [notice] 1#1: start worker process 25
2025/02/24 06:17:10 [notice] 1#1: start worker process 26
2025/02/24 06:17:10 [notice] 1#1: start worker process 27
2025/02/24 06:38:22 [notice] 1#1: signal 3 (SIGQUIT) received, shutting down
2025/02/24 06:38:22 [notice] 20#20: gracefully shutting down
2025/02/24 06:38:22 [notice] 23#23: gracefully shutting down
2025/02/24 06:38:22 [notice] 22#22: gracefully shutting down
2025/02/24 06:38:22 [notice] 24#24: gracefully shutting down
2025/02/24 06:38:22 [notice] 26#26: gracefully shutting down
2025/02/24 06:38:22 [notice] 24#24: exiting
2025/02/24 06:38:22 [notice] 21#21: gracefully shutting down
2025/02/24 06:38:22 [notice] 20#20: exiting
2025/02/24 06:38:22 [notice] 25#25: gracefully shutting down
2025/02/24 06:38:22 [notice] 27#27: gracefully shutting down
2025/02/24 06:38:22 [notice] 21#21: exiting
2025/02/24 06:38:22 [notice] 20#20: exit
2025/02/24 06:38:22 [notice] 24#24: exit
2025/02/24 06:38:22 [notice] 21#21: exit
2025/02/24 06:38:22 [notice] 27#27: exiting
2025/02/24 06:38:22 [notice] 27#27: exit
2025/02/24 06:38:22 [notice] 25#25: exiting
2025/02/24 06:38:22 [notice] 25#25: exit
2025/02/24 06:38:22 [notice] 23#23: exiting
2025/02/24 06:38:22 [notice] 26#26: exiting
2025/02/24 06:38:22 [notice] 23#23: exit
2025/02/24 06:38:22 [notice] 26#26: exit
2025/02/24 06:38:22 [notice] 1#1: signal 17 (SIGCHLD) received from 27
2025/02/24 06:38:22 [notice] 1#1: worker process 21 exited with code 0
2025/02/24 06:38:22 [notice] 1#1: worker process 23 exited with code 0
2025/02/24 06:38:22 [notice] 1#1: worker process 27 exited with code 0
2025/02/24 06:38:22 [notice] 1#1: signal 29 (SIGIO) received
2025/02/24 06:38:22 [notice] 1#1: signal 17 (SIGCHLD) received from 23
2025/02/24 06:38:22 [notice] 1#1: signal 17 (SIGCHLD) received from 25
2025/02/24 06:38:22 [notice] 1#1: worker process 25 exited with code 0
2025/02/24 06:38:22 [notice] 1#1: signal 29 (SIGIO) received
2025/02/24 06:38:22 [notice] 1#1: signal 17 (SIGCHLD) received from 26
2025/02/24 06:38:22 [notice] 1#1: worker process 24 exited with code 0
2025/02/24 06:38:22 [notice] 1#1: worker process 26 exited with code 0
2025/02/24 06:38:22 [notice] 1#1: signal 29 (SIGIO) received
2025/02/24 06:38:22 [notice] 1#1: signal 17 (SIGCHLD) received from 20
2025/02/24 06:38:22 [notice] 1#1: worker process 20 exited with code 0
2025/02/24 06:38:22 [notice] 1#1: signal 29 (SIGIO) received
2025/02/24 06:39:02 [warn] 1#1: server name "https://overherd.local$request_uri" has suspicious symbols in /etc/nginx/conf.d/app.conf:66
2025/02/24 06:39:02 [notice] 1#1: using the "epoll" event method
2025/02/24 06:39:02 [notice] 1#1: nginx/1.24.0
2025/02/24 06:39:02 [notice] 1#1: built by gcc 12.2.1 20220924 (Alpine 12.2.1_git20220924-r4) 
2025/02/24 06:39:02 [notice] 1#1: OS: Linux 5.15.0-130-generic
2025/02/24 06:39:02 [notice] 1#1: getrlimit(RLIMIT_NOFILE): 1048576:1048576
2025/02/24 06:39:02 [notice] 1#1: start worker processes
2025/02/24 06:39:02 [notice] 1#1: start worker process 20
2025/02/24 06:39:02 [notice] 1#1: start worker process 21
2025/02/24 06:39:02 [notice] 1#1: start worker process 22
2025/02/24 06:39:02 [notice] 1#1: start worker process 23
2025/02/24 06:39:02 [notice] 1#1: start worker process 24
2025/02/24 06:39:02 [notice] 1#1: start worker process 25
2025/02/24 06:39:02 [notice] 1#1: start worker process 26
2025/02/24 06:39:02 [notice] 1#1: start worker process 27
2025/02/24 06:40:27 [notice] 1#1: signal 3 (SIGQUIT) received, shutting down
2025/02/24 06:40:27 [notice] 21#21: gracefully shutting down
2025/02/24 06:40:27 [notice] 20#20: gracefully shutting down
2025/02/24 06:40:27 [notice] 24#24: gracefully shutting down
2025/02/24 06:40:27 [notice] 25#25: gracefully shutting down
2025/02/24 06:40:27 [notice] 20#20: exiting
2025/02/24 06:40:27 [notice] 24#24: exiting
2025/02/24 06:40:27 [notice] 25#25: exiting
2025/02/24 06:40:27 [notice] 21#21: exiting
2025/02/24 06:40:27 [notice] 24#24: exit
2025/02/24 06:40:27 [notice] 20#20: exit
2025/02/24 06:40:27 [notice] 25#25: exit
2025/02/24 06:40:27 [notice] 21#21: exit
2025/02/24 06:40:27 [notice] 26#26: gracefully shutting down
2025/02/24 06:40:27 [notice] 26#26: exiting
2025/02/24 06:40:27 [notice] 23#23: gracefully shutting down
2025/02/24 06:40:27 [notice] 23#23: exiting
2025/02/24 06:40:27 [notice] 26#26: exit
2025/02/24 06:40:27 [notice] 23#23: exit
2025/02/24 06:40:27 [notice] 27#27: gracefully shutting down
2025/02/24 06:40:27 [notice] 27#27: exiting
2025/02/24 06:40:27 [notice] 22#22: gracefully shutting down
2025/02/24 06:40:27 [notice] 22#22: exiting
2025/02/24 06:40:27 [notice] 27#27: exit
2025/02/24 06:40:27 [notice] 22#22: exit
2025/02/24 06:40:27 [notice] 1#1: signal 17 (SIGCHLD) received from 21
2025/02/24 06:40:27 [notice] 1#1: worker process 21 exited with code 0
2025/02/24 06:40:27 [notice] 1#1: signal 29 (SIGIO) received
2025/02/24 06:40:27 [notice] 1#1: signal 17 (SIGCHLD) received from 20
2025/02/24 06:40:27 [notice] 1#1: worker process 20 exited with code 0
2025/02/24 06:40:27 [notice] 1#1: signal 29 (SIGIO) received
2025/02/24 06:40:27 [notice] 1#1: signal 17 (SIGCHLD) received from 23
2025/02/24 06:40:27 [notice] 1#1: worker process 22 exited with code 0
2025/02/24 06:40:27 [notice] 1#1: worker process 23 exited with code 0
2025/02/24 06:40:27 [notice] 1#1: signal 29 (SIGIO) received
2025/02/24 06:40:27 [notice] 1#1: signal 17 (SIGCHLD) received from 26
2025/02/24 06:40:27 [notice] 1#1: worker process 26 exited with code 0
2025/02/24 06:40:27 [notice] 1#1: worker process 25 exited with code 0
2025/02/24 06:40:27 [notice] 1#1: signal 29 (SIGIO) received
2025/02/24 06:40:27 [notice] 1#1: signal 17 (SIGCHLD) received from 25
2025/02/24 06:40:27 [notice] 1#1: signal 17 (SIGCHLD) received from 27
2025/02/24 06:40:27 [notice] 1#1: worker process 27 exited with code 0
2025/02/24 06:40:27 [notice] 1#1: signal 29 (SIGIO) received
2025/02/24 06:40:27 [notice] 1#1: signal 17 (SIGCHLD) received from 24
2025/02/24 06:40:27 [notice] 1#1: worker process 24 exited with code 0
2025/02/24 06:40:27 [notice] 1#1: exit
2025/02/24 06:40:39 [warn] 1#1: server name "https://overherd.local$request_uri" has suspicious symbols in /etc/nginx/conf.d/app.conf:66
2025/02/24 06:40:39 [notice] 1#1: using the "epoll" event method
2025/02/24 06:40:39 [notice] 1#1: nginx/1.24.0
2025/02/24 06:40:39 [notice] 1#1: built by gcc 12.2.1 20220924 (Alpine 12.2.1_git20220924-r4) 
2025/02/24 06:40:39 [notice] 1#1: OS: Linux 5.15.0-130-generic
2025/02/24 06:40:39 [notice] 1#1: getrlimit(RLIMIT_NOFILE): 1048576:1048576
2025/02/24 06:40:39 [notice] 1#1: start worker processes
2025/02/24 06:40:39 [notice] 1#1: start worker process 20
2025/02/24 06:40:39 [notice] 1#1: start worker process 21
2025/02/24 06:40:39 [notice] 1#1: start worker process 22
2025/02/24 06:40:39 [notice] 1#1: start worker process 23
2025/02/24 06:40:39 [notice] 1#1: start worker process 24
2025/02/24 06:40:39 [notice] 1#1: start worker process 25
2025/02/24 06:40:39 [notice] 1#1: start worker process 26
2025/02/24 06:40:39 [notice] 1#1: start worker process 27
2025/02/24 07:15:44 [notice] 1#1: signal 3 (SIGQUIT) received, shutting down
2025/02/24 07:15:44 [notice] 20#20: gracefully shutting down
2025/02/24 07:15:44 [notice] 21#21: gracefully shutting down
2025/02/24 07:15:44 [notice] 22#22: gracefully shutting down
2025/02/24 07:15:44 [notice] 24#24: gracefully shutting down
2025/02/24 07:15:44 [notice] 25#25: gracefully shutting down
2025/02/24 07:15:44 [notice] 26#26: gracefully shutting down
2025/02/24 07:15:44 [notice] 20#20: exiting
2025/02/24 07:15:44 [notice] 21#21: exiting
2025/02/24 07:15:44 [notice] 22#22: exiting
2025/02/24 07:15:44 [notice] 23#23: gracefully shutting down
2025/02/24 07:15:44 [notice] 27#27: gracefully shutting down
2025/02/24 07:15:44 [notice] 23#23: exiting
2025/02/24 07:15:44 [notice] 27#27: exiting
2025/02/24 07:15:44 [notice] 25#25: exiting
2025/02/24 07:15:44 [notice] 20#20: exit
2025/02/24 07:15:44 [notice] 22#22: exit
2025/02/24 07:15:44 [notice] 21#21: exit
2025/02/24 07:15:44 [notice] 23#23: exit
2025/02/24 07:15:44 [notice] 27#27: exit
2025/02/24 07:15:44 [notice] 25#25: exit
2025/02/24 07:15:44 [notice] 24#24: exiting
2025/02/24 07:15:44 [notice] 24#24: exit
2025/02/24 07:15:44 [notice] 1#1: signal 17 (SIGCHLD) received from 27
2025/02/24 07:15:44 [notice] 1#1: worker process 27 exited with code 0
2025/02/24 07:15:44 [notice] 1#1: signal 29 (SIGIO) received
2025/02/24 07:15:44 [notice] 1#1: signal 17 (SIGCHLD) received from 25
2025/02/24 07:15:44 [notice] 1#1: worker process 25 exited with code 0
2025/02/24 07:15:44 [notice] 1#1: worker process 21 exited with code 0
2025/02/24 07:15:44 [notice] 1#1: signal 29 (SIGIO) received
2025/02/24 07:15:44 [notice] 1#1: signal 17 (SIGCHLD) received from 21
2025/02/24 07:15:44 [notice] 1#1: signal 17 (SIGCHLD) received from 22
2025/02/24 07:15:44 [notice] 1#1: worker process 22 exited with code 0
2025/02/24 07:15:44 [notice] 1#1: worker process 23 exited with code 0
2025/02/24 07:15:44 [notice] 1#1: signal 29 (SIGIO) received
2025/02/24 07:15:44 [notice] 1#1: signal 17 (SIGCHLD) received from 24
2025/02/24 07:15:44 [notice] 1#1: worker process 24 exited with code 0
2025/02/24 07:15:44 [notice] 1#1: signal 29 (SIGIO) received
2025/02/24 07:15:44 [notice] 1#1: signal 17 (SIGCHLD) received from 20
2025/02/24 07:15:44 [notice] 1#1: worker process 20 exited with code 0
2025/02/24 07:15:44 [notice] 1#1: signal 29 (SIGIO) received
2025/02/24 07:17:01 [warn] 1#1: server name "https://kaput.local$request_uri" has suspicious symbols in /etc/nginx/conf.d/app.conf:66
2025/02/24 07:17:01 [notice] 1#1: using the "epoll" event method
2025/02/24 07:17:01 [notice] 1#1: nginx/1.24.0
2025/02/24 07:17:01 [notice] 1#1: built by gcc 12.2.1 20220924 (Alpine 12.2.1_git20220924-r4) 
2025/02/24 07:17:01 [notice] 1#1: OS: Linux 5.15.0-130-generic
2025/02/24 07:17:01 [notice] 1#1: getrlimit(RLIMIT_NOFILE): 1048576:1048576
2025/02/24 07:17:01 [notice] 1#1: start worker processes
2025/02/24 07:17:01 [notice] 1#1: start worker process 20
2025/02/24 07:17:01 [notice] 1#1: start worker process 21
2025/02/24 07:17:01 [notice] 1#1: start worker process 22
2025/02/24 07:17:01 [notice] 1#1: start worker process 23
2025/02/24 07:17:01 [notice] 1#1: start worker process 24
2025/02/24 07:17:01 [notice] 1#1: start worker process 25
2025/02/24 07:17:01 [notice] 1#1: start worker process 26
2025/02/24 07:17:01 [notice] 1#1: start worker process 27
2025/02/26 09:08:43 [notice] 1#1: signal 3 (SIGQUIT) received, shutting down
2025/02/26 09:08:43 [notice] 23#23: gracefully shutting down
2025/02/26 09:08:43 [notice] 21#21: gracefully shutting down
2025/02/26 09:08:43 [notice] 20#20: gracefully shutting down
2025/02/26 09:08:43 [notice] 22#22: gracefully shutting down
2025/02/26 09:08:43 [notice] 27#27: gracefully shutting down
2025/02/26 09:08:43 [notice] 25#25: gracefully shutting down
2025/02/26 09:08:43 [notice] 26#26: gracefully shutting down
2025/02/26 09:08:43 [notice] 24#24: gracefully shutting down
2025/02/26 09:08:43 [notice] 27#27: exiting
2025/02/26 09:08:43 [notice] 20#20: exiting
2025/02/26 09:08:43 [notice] 21#21: exiting
2025/02/26 09:08:43 [notice] 26#26: exiting
2025/02/26 09:08:43 [notice] 22#22: exiting
2025/02/26 09:08:43 [notice] 23#23: exiting
2025/02/26 09:08:43 [notice] 25#25: exiting
2025/02/26 09:08:43 [notice] 24#24: exiting
2025/02/26 09:08:43 [notice] 25#25: exit
2025/02/26 09:08:43 [notice] 21#21: exit
2025/02/26 09:08:43 [notice] 24#24: exit
2025/02/26 09:08:43 [notice] 23#23: exit
2025/02/26 09:08:43 [notice] 22#22: exit
2025/02/26 09:08:43 [notice] 20#20: exit
2025/02/26 09:08:43 [notice] 26#26: exit
2025/02/26 09:08:43 [notice] 27#27: exit
2025/02/26 09:08:43 [notice] 1#1: signal 17 (SIGCHLD) received from 22
2025/02/26 09:08:43 [notice] 1#1: worker process 22 exited with code 0
2025/02/26 09:08:43 [notice] 1#1: signal 29 (SIGIO) received
2025/02/26 09:08:43 [notice] 1#1: signal 17 (SIGCHLD) received from 21
2025/02/26 09:08:43 [notice] 1#1: worker process 21 exited with code 0
2025/02/26 09:08:43 [notice] 1#1: worker process 27 exited with code 0
2025/02/26 09:08:43 [notice] 1#1: signal 29 (SIGIO) received
2025/02/26 09:08:43 [notice] 1#1: signal 17 (SIGCHLD) received from 23
2025/02/26 09:08:43 [notice] 1#1: worker process 23 exited with code 0
2025/02/26 09:08:43 [notice] 1#1: signal 29 (SIGIO) received
2025/02/26 09:08:43 [notice] 1#1: signal 17 (SIGCHLD) received from 20
2025/02/26 09:08:43 [notice] 1#1: worker process 20 exited with code 0
2025/02/26 09:08:43 [notice] 1#1: worker process 24 exited with code 0
2025/02/26 09:08:43 [notice] 1#1: worker process 26 exited with code 0
2025/02/26 09:08:43 [notice] 1#1: signal 29 (SIGIO) received
2025/02/26 09:08:43 [notice] 1#1: signal 17 (SIGCHLD) received from 26
2025/02/26 09:08:43 [notice] 1#1: signal 17 (SIGCHLD) received from 25
2025/02/26 09:08:43 [notice] 1#1: worker process 25 exited with code 0
2025/02/26 09:08:43 [notice] 1#1: exit
2025/02/26 09:12:06 [warn] 1#1: server name "https://overherd.local$request_uri" has suspicious symbols in /etc/nginx/conf.d/app.conf:66
2025/02/26 09:12:06 [notice] 1#1: using the "epoll" event method
2025/02/26 09:12:06 [notice] 1#1: nginx/1.24.0
2025/02/26 09:12:06 [notice] 1#1: built by gcc 12.2.1 20220924 (Alpine 12.2.1_git20220924-r4) 
2025/02/26 09:12:06 [notice] 1#1: OS: Linux 5.15.0-130-generic
2025/02/26 09:12:06 [notice] 1#1: getrlimit(RLIMIT_NOFILE): 1048576:1048576
2025/02/26 09:12:06 [notice] 1#1: start worker processes
2025/02/26 09:12:06 [notice] 1#1: start worker process 20
2025/02/26 09:12:06 [notice] 1#1: start worker process 21
2025/02/26 09:12:06 [notice] 1#1: start worker process 22
2025/02/26 09:12:06 [notice] 1#1: start worker process 23
2025/02/26 09:12:06 [notice] 1#1: start worker process 24
2025/02/26 09:12:06 [notice] 1#1: start worker process 25
2025/02/26 09:12:06 [notice] 1#1: start worker process 26
2025/02/26 09:12:06 [notice] 1#1: start worker process 27
2025/02/27 07:43:52 [notice] 1#1: signal 3 (SIGQUIT) received, shutting down
2025/02/27 07:43:52 [notice] 20#20: gracefully shutting down
2025/02/27 07:43:52 [notice] 21#21: gracefully shutting down
2025/02/27 07:43:52 [notice] 22#22: gracefully shutting down
2025/02/27 07:43:52 [notice] 23#23: gracefully shutting down
2025/02/27 07:43:52 [notice] 25#25: gracefully shutting down
2025/02/27 07:43:52 [notice] 26#26: gracefully shutting down
2025/02/27 07:43:52 [notice] 24#24: gracefully shutting down
2025/02/27 07:43:52 [notice] 20#20: exiting
2025/02/27 07:43:52 [notice] 26#26: exiting
2025/02/27 07:43:52 [notice] 27#27: gracefully shutting down
2025/02/27 07:43:52 [notice] 27#27: exiting
2025/02/27 07:43:52 [notice] 23#23: exiting
2025/02/27 07:43:52 [notice] 21#21: exiting
2025/02/27 07:43:52 [notice] 27#27: exit
2025/02/27 07:43:52 [notice] 21#21: exit
2025/02/27 07:43:52 [notice] 22#22: exiting
2025/02/27 07:43:52 [notice] 22#22: exit
2025/02/27 07:43:52 [notice] 24#24: exiting
2025/02/27 07:43:52 [notice] 24#24: exit
2025/02/27 07:43:52 [notice] 20#20: exit
2025/02/27 07:43:52 [notice] 23#23: exit
2025/02/27 07:43:52 [notice] 26#26: exit
2025/02/27 07:43:52 [notice] 1#1: signal 17 (SIGCHLD) received from 23
2025/02/27 07:43:52 [notice] 1#1: worker process 23 exited with code 0
2025/02/27 07:43:52 [notice] 1#1: signal 29 (SIGIO) received
2025/02/27 07:43:52 [notice] 1#1: signal 17 (SIGCHLD) received from 20
2025/02/27 07:43:52 [notice] 1#1: worker process 20 exited with code 0
2025/02/27 07:43:52 [notice] 1#1: signal 29 (SIGIO) received
2025/02/27 07:43:52 [notice] 1#1: signal 17 (SIGCHLD) received from 26
2025/02/27 07:43:52 [notice] 1#1: worker process 26 exited with code 0
2025/02/27 07:43:52 [notice] 1#1: worker process 27 exited with code 0
2025/02/27 07:43:52 [notice] 1#1: signal 29 (SIGIO) received
2025/02/27 07:43:52 [notice] 1#1: signal 17 (SIGCHLD) received from 27
2025/02/27 07:43:52 [notice] 1#1: signal 17 (SIGCHLD) received from 21
2025/02/27 07:43:52 [notice] 1#1: worker process 21 exited with code 0
2025/02/27 07:43:52 [notice] 1#1: signal 29 (SIGIO) received
2025/02/27 07:43:52 [notice] 1#1: signal 17 (SIGCHLD) received from 22
2025/02/27 07:43:52 [notice] 1#1: worker process 22 exited with code 0
2025/02/27 07:43:52 [notice] 1#1: signal 29 (SIGIO) received
2025/02/27 07:43:52 [notice] 1#1: signal 17 (SIGCHLD) received from 24
2025/02/27 07:43:52 [notice] 1#1: worker process 24 exited with code 0
2025/02/27 07:43:52 [notice] 1#1: signal 29 (SIGIO) received
2025/02/27 07:44:19 [warn] 1#1: server name "https://overherd.local$request_uri" has suspicious symbols in /etc/nginx/conf.d/app.conf:66
2025/02/27 07:44:19 [notice] 1#1: using the "epoll" event method
2025/02/27 07:44:19 [notice] 1#1: nginx/1.24.0
2025/02/27 07:44:19 [notice] 1#1: built by gcc 12.2.1 20220924 (Alpine 12.2.1_git20220924-r4) 
2025/02/27 07:44:19 [notice] 1#1: OS: Linux 5.15.0-130-generic
2025/02/27 07:44:19 [notice] 1#1: getrlimit(RLIMIT_NOFILE): 1048576:1048576
2025/02/27 07:44:19 [notice] 1#1: start worker processes
2025/02/27 07:44:19 [notice] 1#1: start worker process 20
2025/02/27 07:44:19 [notice] 1#1: start worker process 21
2025/02/27 07:44:19 [notice] 1#1: start worker process 22
2025/02/27 07:44:19 [notice] 1#1: start worker process 23
2025/02/27 07:44:19 [notice] 1#1: start worker process 24
2025/02/27 07:44:19 [notice] 1#1: start worker process 25
2025/02/27 07:44:19 [notice] 1#1: start worker process 26
2025/02/27 07:44:19 [notice] 1#1: start worker process 27
2025/02/27 07:53:00 [notice] 1#1: signal 3 (SIGQUIT) received, shutting down
2025/02/27 07:53:00 [notice] 20#20: gracefully shutting down
2025/02/27 07:53:00 [notice] 21#21: gracefully shutting down
2025/02/27 07:53:00 [notice] 22#22: gracefully shutting down
2025/02/27 07:53:00 [notice] 23#23: gracefully shutting down
2025/02/27 07:53:00 [notice] 24#24: gracefully shutting down
2025/02/27 07:53:00 [notice] 25#25: gracefully shutting down
2025/02/27 07:53:00 [notice] 27#27: gracefully shutting down
2025/02/27 07:53:00 [notice] 20#20: exiting
2025/02/27 07:53:00 [notice] 21#21: exiting
2025/02/27 07:53:00 [notice] 22#22: exiting
2025/02/27 07:53:00 [notice] 27#27: exiting
2025/02/27 07:53:00 [notice] 26#26: gracefully shutting down
2025/02/27 07:53:00 [notice] 26#26: exiting
2025/02/27 07:53:00 [notice] 23#23: exiting
2025/02/27 07:53:00 [notice] 20#20: exit
2025/02/27 07:53:00 [notice] 22#22: exit
2025/02/27 07:53:00 [notice] 27#27: exit
2025/02/27 07:53:00 [notice] 26#26: exit
2025/02/27 07:53:00 [notice] 21#21: exit
2025/02/27 07:53:00 [notice] 23#23: exit
2025/02/27 07:53:00 [notice] 1#1: signal 17 (SIGCHLD) received from 20
2025/02/27 07:53:00 [notice] 1#1: worker process 20 exited with code 0
2025/02/27 07:53:00 [notice] 1#1: worker process 22 exited with code 0
2025/02/27 07:53:00 [notice] 1#1: worker process 27 exited with code 0
2025/02/27 07:53:00 [notice] 1#1: signal 29 (SIGIO) received
2025/02/27 07:53:00 [notice] 1#1: signal 17 (SIGCHLD) received from 22
2025/02/27 07:53:00 [notice] 1#1: signal 17 (SIGCHLD) received from 23
2025/02/27 07:53:00 [notice] 1#1: worker process 23 exited with code 0
2025/02/27 07:53:00 [notice] 1#1: signal 29 (SIGIO) received
2025/02/27 07:53:00 [notice] 1#1: signal 17 (SIGCHLD) received from 21
2025/02/27 07:53:00 [notice] 1#1: worker process 21 exited with code 0
2025/02/27 07:53:00 [notice] 1#1: signal 29 (SIGIO) received
2025/02/27 07:53:00 [notice] 1#1: signal 17 (SIGCHLD) received from 26
2025/02/27 07:53:00 [notice] 1#1: worker process 26 exited with code 0
2025/02/27 07:53:00 [notice] 1#1: signal 29 (SIGIO) received
2025/02/27 07:53:50 [warn] 1#1: server name "https://overherd.local$request_uri" has suspicious symbols in /etc/nginx/conf.d/app.conf:66
2025/02/27 07:53:50 [notice] 1#1: using the "epoll" event method
2025/02/27 07:53:50 [notice] 1#1: nginx/1.24.0
2025/02/27 07:53:50 [notice] 1#1: built by gcc 12.2.1 20220924 (Alpine 12.2.1_git20220924-r4) 
2025/02/27 07:53:50 [notice] 1#1: OS: Linux 5.15.0-130-generic
2025/02/27 07:53:50 [notice] 1#1: getrlimit(RLIMIT_NOFILE): 1048576:1048576
2025/02/27 07:53:50 [notice] 1#1: start worker processes
2025/02/27 07:53:50 [notice] 1#1: start worker process 20
2025/02/27 07:53:50 [notice] 1#1: start worker process 21
2025/02/27 07:53:50 [notice] 1#1: start worker process 22
2025/02/27 07:53:50 [notice] 1#1: start worker process 23
2025/02/27 07:53:50 [notice] 1#1: start worker process 24
2025/02/27 07:53:50 [notice] 1#1: start worker process 25
2025/02/27 07:53:50 [notice] 1#1: start worker process 26
2025/02/27 07:53:50 [notice] 1#1: start worker process 27
2025/02/28 07:59:36 [notice] 1#1: signal 3 (SIGQUIT) received, shutting down
2025/02/28 07:59:36 [notice] 22#22: gracefully shutting down
2025/02/28 07:59:36 [notice] 21#21: gracefully shutting down
2025/02/28 07:59:36 [notice] 20#20: gracefully shutting down
2025/02/28 07:59:36 [notice] 23#23: gracefully shutting down
2025/02/28 07:59:36 [notice] 24#24: gracefully shutting down
2025/02/28 07:59:36 [notice] 27#27: gracefully shutting down
2025/02/28 07:59:36 [notice] 27#27: exiting
2025/02/28 07:59:36 [notice] 25#25: gracefully shutting down
2025/02/28 07:59:36 [notice] 26#26: gracefully shutting down
2025/02/28 07:59:36 [notice] 22#22: exiting
2025/02/28 07:59:36 [notice] 21#21: exiting
2025/02/28 07:59:36 [notice] 26#26: exiting
2025/02/28 07:59:36 [notice] 27#27: exit
2025/02/28 07:59:36 [notice] 22#22: exit
2025/02/28 07:59:36 [notice] 21#21: exit
2025/02/28 07:59:36 [notice] 26#26: exit
2025/02/28 07:59:36 [notice] 24#24: exiting
2025/02/28 07:59:36 [notice] 24#24: exit
2025/02/28 07:59:36 [notice] 25#25: exiting
2025/02/28 07:59:36 [notice] 25#25: exit
2025/02/28 07:59:36 [notice] 23#23: exiting
2025/02/28 07:59:36 [notice] 23#23: exit
2025/02/28 07:59:36 [notice] 1#1: signal 17 (SIGCHLD) received from 22
2025/02/28 07:59:36 [notice] 1#1: worker process 22 exited with code 0
2025/02/28 07:59:36 [notice] 1#1: signal 29 (SIGIO) received
2025/02/28 07:59:36 [notice] 1#1: signal 17 (SIGCHLD) received from 26
2025/02/28 07:59:36 [notice] 1#1: worker process 26 exited with code 0
2025/02/28 07:59:36 [notice] 1#1: worker process 27 exited with code 0
2025/02/28 07:59:36 [notice] 1#1: signal 29 (SIGIO) received
2025/02/28 07:59:36 [notice] 1#1: signal 17 (SIGCHLD) received from 25
2025/02/28 07:59:36 [notice] 1#1: worker process 25 exited with code 0
2025/02/28 07:59:36 [notice] 1#1: signal 29 (SIGIO) received
2025/02/28 07:59:36 [notice] 1#1: signal 17 (SIGCHLD) received from 23
2025/02/28 07:59:36 [notice] 1#1: worker process 23 exited with code 0
2025/02/28 07:59:36 [notice] 1#1: worker process 24 exited with code 0
2025/02/28 07:59:36 [notice] 1#1: signal 29 (SIGIO) received
2025/02/28 07:59:36 [notice] 1#1: signal 17 (SIGCHLD) received from 21
2025/02/28 07:59:36 [notice] 1#1: worker process 21 exited with code 0
2025/02/28 07:59:36 [notice] 1#1: signal 29 (SIGIO) received
2025/02/28 08:00:01 [warn] 1#1: server name "https://overherd.local$request_uri" has suspicious symbols in /etc/nginx/conf.d/app.conf:66
2025/02/28 08:00:01 [notice] 1#1: using the "epoll" event method
2025/02/28 08:00:01 [notice] 1#1: nginx/1.24.0
2025/02/28 08:00:01 [notice] 1#1: built by gcc 12.2.1 20220924 (Alpine 12.2.1_git20220924-r4) 
2025/02/28 08:00:01 [notice] 1#1: OS: Linux 5.15.0-130-generic
2025/02/28 08:00:01 [notice] 1#1: getrlimit(RLIMIT_NOFILE): 1048576:1048576
2025/02/28 08:00:01 [notice] 1#1: start worker processes
2025/02/28 08:00:01 [notice] 1#1: start worker process 20
2025/02/28 08:00:01 [notice] 1#1: start worker process 21
2025/02/28 08:00:01 [notice] 1#1: start worker process 22
2025/02/28 08:00:01 [notice] 1#1: start worker process 23
2025/02/28 08:00:01 [notice] 1#1: start worker process 24
2025/02/28 08:00:01 [notice] 1#1: start worker process 25
2025/02/28 08:00:01 [notice] 1#1: start worker process 26
2025/02/28 08:00:01 [notice] 1#1: start worker process 27
2025/02/28 08:00:34 [notice] 1#1: signal 3 (SIGQUIT) received, shutting down
2025/02/28 08:00:34 [notice] 25#25: gracefully shutting down
2025/02/28 08:00:34 [notice] 25#25: exiting
2025/02/28 08:00:34 [notice] 24#24: gracefully shutting down
2025/02/28 08:00:34 [notice] 24#24: exiting
2025/02/28 08:00:34 [notice] 21#21: gracefully shutting down
2025/02/28 08:00:34 [notice] 26#26: gracefully shutting down
2025/02/28 08:00:34 [notice] 26#26: exiting
2025/02/28 08:00:34 [notice] 27#27: gracefully shutting down
2025/02/28 08:00:34 [notice] 27#27: exiting
2025/02/28 08:00:34 [notice] 23#23: gracefully shutting down
2025/02/28 08:00:34 [notice] 23#23: exiting
2025/02/28 08:00:34 [notice] 20#20: gracefully shutting down
2025/02/28 08:00:34 [notice] 21#21: exiting
2025/02/28 08:00:34 [notice] 22#22: gracefully shutting down
2025/02/28 08:00:34 [notice] 22#22: exiting
2025/02/28 08:00:34 [notice] 20#20: exiting
2025/02/28 08:00:34 [notice] 25#25: exit
2025/02/28 08:00:34 [notice] 24#24: exit
2025/02/28 08:00:34 [notice] 26#26: exit
2025/02/28 08:00:34 [notice] 27#27: exit
2025/02/28 08:00:34 [notice] 21#21: exit
2025/02/28 08:00:34 [notice] 23#23: exit
2025/02/28 08:00:34 [notice] 22#22: exit
2025/02/28 08:00:34 [notice] 20#20: exit
2025/02/28 08:04:37 [warn] 1#1: server name "https://overherd.local$request_uri" has suspicious symbols in /etc/nginx/conf.d/app.conf:66
2025/02/28 08:04:37 [notice] 1#1: using the "epoll" event method
2025/02/28 08:04:37 [notice] 1#1: nginx/1.24.0
2025/02/28 08:04:37 [notice] 1#1: built by gcc 12.2.1 20220924 (Alpine 12.2.1_git20220924-r4) 
2025/02/28 08:04:37 [notice] 1#1: OS: Linux 5.15.0-131-generic
2025/02/28 08:04:37 [notice] 1#1: getrlimit(RLIMIT_NOFILE): 1048576:1048576
2025/02/28 08:04:37 [notice] 1#1: start worker processes
2025/02/28 08:04:37 [notice] 1#1: start worker process 20
2025/02/28 08:04:37 [notice] 1#1: start worker process 21
2025/02/28 08:04:37 [notice] 1#1: start worker process 22
2025/02/28 08:04:37 [notice] 1#1: start worker process 23
2025/02/28 08:04:37 [notice] 1#1: start worker process 24
2025/02/28 08:04:37 [notice] 1#1: start worker process 25
2025/02/28 08:04:37 [notice] 1#1: start worker process 26
2025/02/28 08:04:37 [notice] 1#1: start worker process 27
2025/02/28 08:13:14 [notice] 1#1: signal 3 (SIGQUIT) received, shutting down
2025/02/28 08:13:14 [notice] 21#21: gracefully shutting down
2025/02/28 08:13:14 [notice] 22#22: gracefully shutting down
2025/02/28 08:13:14 [notice] 24#24: gracefully shutting down
2025/02/28 08:13:14 [notice] 21#21: exiting
2025/02/28 08:13:14 [notice] 26#26: gracefully shutting down
2025/02/28 08:13:14 [notice] 25#25: gracefully shutting down
2025/02/28 08:13:14 [notice] 20#20: gracefully shutting down
2025/02/28 08:13:14 [notice] 22#22: exiting
2025/02/28 08:13:14 [notice] 24#24: exiting
2025/02/28 08:13:14 [notice] 25#25: exiting
2025/02/28 08:13:14 [notice] 20#20: exiting
2025/02/28 08:13:14 [notice] 24#24: exit
2025/02/28 08:13:14 [notice] 22#22: exit
2025/02/28 08:13:14 [notice] 20#20: exit
2025/02/28 08:13:14 [notice] 25#25: exit
2025/02/28 08:13:14 [notice] 21#21: exit
2025/02/28 08:13:14 [notice] 27#27: gracefully shutting down
2025/02/28 08:13:14 [notice] 23#23: gracefully shutting down
2025/02/28 08:13:14 [notice] 23#23: exiting
2025/02/28 08:13:14 [notice] 23#23: exit
2025/02/28 08:13:14 [notice] 1#1: signal 17 (SIGCHLD) received from 22
2025/02/28 08:13:14 [notice] 1#1: worker process 22 exited with code 0
2025/02/28 08:13:14 [notice] 1#1: signal 29 (SIGIO) received
2025/02/28 08:13:14 [notice] 1#1: signal 17 (SIGCHLD) received from 20
2025/02/28 08:13:14 [notice] 1#1: worker process 20 exited with code 0
2025/02/28 08:13:14 [notice] 1#1: worker process 21 exited with code 0
2025/02/28 08:13:14 [notice] 1#1: worker process 25 exited with code 0
2025/02/28 08:13:14 [notice] 1#1: signal 29 (SIGIO) received
2025/02/28 08:13:14 [notice] 1#1: signal 17 (SIGCHLD) received from 25
2025/02/28 08:13:14 [notice] 1#1: signal 17 (SIGCHLD) received from 23
2025/02/28 08:13:14 [notice] 1#1: worker process 23 exited with code 0
2025/02/28 08:13:14 [notice] 1#1: worker process 24 exited with code 0
2025/02/28 08:13:14 [notice] 1#1: signal 29 (SIGIO) received
2025/02/28 08:13:14 [notice] 1#1: signal 17 (SIGCHLD) received from 24
2025/02/28 08:14:04 [warn] 1#1: server name "https://overherd.local$request_uri" has suspicious symbols in /etc/nginx/conf.d/app.conf:66
2025/02/28 08:14:04 [notice] 1#1: using the "epoll" event method
2025/02/28 08:14:04 [notice] 1#1: nginx/1.24.0
2025/02/28 08:14:04 [notice] 1#1: built by gcc 12.2.1 20220924 (Alpine 12.2.1_git20220924-r4) 
2025/02/28 08:14:04 [notice] 1#1: OS: Linux 5.15.0-131-generic
2025/02/28 08:14:04 [notice] 1#1: getrlimit(RLIMIT_NOFILE): 1048576:1048576
2025/02/28 08:14:04 [notice] 1#1: start worker processes
2025/02/28 08:14:04 [notice] 1#1: start worker process 20
2025/02/28 08:14:04 [notice] 1#1: start worker process 21
2025/02/28 08:14:04 [notice] 1#1: start worker process 22
2025/02/28 08:14:04 [notice] 1#1: start worker process 23
2025/02/28 08:14:04 [notice] 1#1: start worker process 24
2025/02/28 08:14:04 [notice] 1#1: start worker process 25
2025/02/28 08:14:04 [notice] 1#1: start worker process 26
2025/02/28 08:14:04 [notice] 1#1: start worker process 27
2025/02/28 08:17:04 [notice] 1#1: signal 3 (SIGQUIT) received, shutting down
2025/02/28 08:17:04 [notice] 20#20: gracefully shutting down
2025/02/28 08:17:04 [notice] 22#22: gracefully shutting down
2025/02/28 08:17:04 [notice] 23#23: gracefully shutting down
2025/02/28 08:17:04 [notice] 20#20: exiting
2025/02/28 08:17:04 [notice] 27#27: gracefully shutting down
2025/02/28 08:17:04 [notice] 24#24: gracefully shutting down
2025/02/28 08:17:04 [notice] 22#22: exiting
2025/02/28 08:17:04 [notice] 23#23: exiting
2025/02/28 08:17:04 [notice] 27#27: exiting
2025/02/28 08:17:04 [notice] 24#24: exiting
2025/02/28 08:17:04 [notice] 23#23: exit
2025/02/28 08:17:04 [notice] 27#27: exit
2025/02/28 08:17:04 [notice] 20#20: exit
2025/02/28 08:17:04 [notice] 24#24: exit
2025/02/28 08:17:04 [notice] 22#22: exit
2025/02/28 08:17:04 [notice] 21#21: gracefully shutting down
2025/02/28 08:17:04 [notice] 25#25: gracefully shutting down
2025/02/28 08:17:04 [notice] 25#25: exiting
2025/02/28 08:17:04 [notice] 26#26: gracefully shutting down
2025/02/28 08:17:04 [notice] 26#26: exiting
2025/02/28 08:17:04 [notice] 25#25: exit
2025/02/28 08:17:04 [notice] 26#26: exit
2025/02/28 08:17:04 [notice] 1#1: signal 17 (SIGCHLD) received from 25
2025/02/28 08:17:04 [notice] 1#1: worker process 25 exited with code 0
2025/02/28 08:17:04 [notice] 1#1: worker process 24 exited with code 0
2025/02/28 08:17:04 [notice] 1#1: signal 29 (SIGIO) received
2025/02/28 08:17:04 [notice] 1#1: signal 17 (SIGCHLD) received from 24
2025/02/28 08:17:04 [notice] 1#1: signal 17 (SIGCHLD) received from 23
2025/02/28 08:17:04 [notice] 1#1: worker process 23 exited with code 0
2025/02/28 08:17:04 [notice] 1#1: signal 29 (SIGIO) received
2025/02/28 08:17:04 [notice] 1#1: signal 17 (SIGCHLD) received from 22
2025/02/28 08:17:04 [notice] 1#1: worker process 22 exited with code 0
2025/02/28 08:17:04 [notice] 1#1: signal 29 (SIGIO) received
2025/02/28 08:17:04 [notice] 1#1: signal 17 (SIGCHLD) received from 20
2025/02/28 08:17:04 [notice] 1#1: worker process 20 exited with code 0
2025/02/28 08:17:04 [notice] 1#1: signal 29 (SIGIO) received
2025/02/28 08:17:04 [notice] 1#1: signal 17 (SIGCHLD) received from 26
2025/02/28 08:17:04 [notice] 1#1: worker process 26 exited with code 0
2025/02/28 08:17:04 [notice] 1#1: signal 29 (SIGIO) received
2025/02/28 08:17:04 [notice] 1#1: signal 17 (SIGCHLD) received from 27
2025/02/28 08:17:04 [notice] 1#1: worker process 27 exited with code 0
2025/02/28 08:17:04 [notice] 1#1: signal 29 (SIGIO) received
2025/02/28 08:17:26 [warn] 1#1: server name "https://overherd.local$request_uri" has suspicious symbols in /etc/nginx/conf.d/app.conf:84
2025/02/28 08:17:26 [notice] 1#1: using the "epoll" event method
2025/02/28 08:17:26 [notice] 1#1: nginx/1.24.0
2025/02/28 08:17:26 [notice] 1#1: built by gcc 12.2.1 20220924 (Alpine 12.2.1_git20220924-r4) 
2025/02/28 08:17:26 [notice] 1#1: OS: Linux 5.15.0-131-generic
2025/02/28 08:17:26 [notice] 1#1: getrlimit(RLIMIT_NOFILE): 1048576:1048576
2025/02/28 08:17:26 [notice] 1#1: start worker processes
2025/02/28 08:17:26 [notice] 1#1: start worker process 20
2025/02/28 08:17:26 [notice] 1#1: start worker process 21
2025/02/28 08:17:26 [notice] 1#1: start worker process 22
2025/02/28 08:17:26 [notice] 1#1: start worker process 23
2025/02/28 08:17:26 [notice] 1#1: start worker process 24
2025/02/28 08:17:26 [notice] 1#1: start worker process 25
2025/02/28 08:17:26 [notice] 1#1: start worker process 26
2025/02/28 08:17:26 [notice] 1#1: start worker process 27
2025/03/10 10:50:50 [notice] 1#1: signal 3 (SIGQUIT) received, shutting down
2025/03/10 10:50:50 [notice] 21#21: gracefully shutting down
2025/03/10 10:50:50 [notice] 20#20: gracefully shutting down
2025/03/10 10:50:50 [notice] 22#22: gracefully shutting down
2025/03/10 10:50:50 [notice] 23#23: gracefully shutting down
2025/03/10 10:50:50 [notice] 24#24: gracefully shutting down
2025/03/10 10:50:50 [notice] 25#25: gracefully shutting down
2025/03/10 10:50:50 [notice] 27#27: gracefully shutting down
2025/03/10 10:50:50 [notice] 26#26: gracefully shutting down
2025/03/10 10:50:50 [notice] 22#22: exiting
2025/03/10 10:50:50 [notice] 21#21: exiting
2025/03/10 10:50:50 [notice] 23#23: exiting
2025/03/10 10:50:50 [notice] 20#20: exiting
2025/03/10 10:50:50 [notice] 26#26: exiting
2025/03/10 10:50:50 [notice] 25#25: exiting
2025/03/10 10:50:50 [notice] 24#24: exiting
2025/03/10 10:50:50 [notice] 26#26: exit
2025/03/10 10:50:50 [notice] 23#23: exit
2025/03/10 10:50:50 [notice] 20#20: exit
2025/03/10 10:50:50 [notice] 24#24: exit
2025/03/10 10:50:50 [notice] 21#21: exit
2025/03/10 10:50:50 [notice] 22#22: exit
2025/03/10 10:50:50 [notice] 25#25: exit
2025/03/10 10:50:50 [notice] 1#1: signal 17 (SIGCHLD) received from 26
2025/03/10 10:50:50 [notice] 1#1: worker process 22 exited with code 0
2025/03/10 10:50:50 [notice] 1#1: worker process 26 exited with code 0
2025/03/10 10:50:50 [notice] 1#1: signal 29 (SIGIO) received
2025/03/10 10:50:50 [notice] 1#1: signal 17 (SIGCHLD) received from 22
2025/03/10 10:50:50 [notice] 1#1: signal 17 (SIGCHLD) received from 21
2025/03/10 10:50:50 [notice] 1#1: worker process 21 exited with code 0
2025/03/10 10:50:50 [notice] 1#1: signal 29 (SIGIO) received
2025/03/10 10:50:50 [notice] 1#1: signal 17 (SIGCHLD) received from 24
2025/03/10 10:50:50 [notice] 1#1: worker process 24 exited with code 0
2025/03/10 10:50:50 [notice] 1#1: worker process 20 exited with code 0
2025/03/10 10:50:50 [notice] 1#1: worker process 25 exited with code 0
2025/03/10 10:50:50 [notice] 1#1: signal 29 (SIGIO) received
2025/03/10 10:50:50 [notice] 1#1: signal 17 (SIGCHLD) received from 25
2025/03/10 10:50:50 [notice] 1#1: worker process 23 exited with code 0
2025/03/10 10:50:50 [notice] 1#1: signal 29 (SIGIO) received
2025/03/10 11:00:03 [warn] 1#1: server name "https://overherd.local$request_uri" has suspicious symbols in /etc/nginx/conf.d/app.conf:66
2025/03/10 11:00:03 [notice] 1#1: using the "epoll" event method
2025/03/10 11:00:03 [notice] 1#1: nginx/1.24.0
2025/03/10 11:00:03 [notice] 1#1: built by gcc 12.2.1 20220924 (Alpine 12.2.1_git20220924-r4) 
2025/03/10 11:00:03 [notice] 1#1: OS: Linux 5.15.0-131-generic
2025/03/10 11:00:03 [notice] 1#1: getrlimit(RLIMIT_NOFILE): 1048576:1048576
2025/03/10 11:00:03 [notice] 1#1: start worker processes
2025/03/10 11:00:03 [notice] 1#1: start worker process 20
2025/03/10 11:00:03 [notice] 1#1: start worker process 21
2025/03/10 11:00:03 [notice] 1#1: start worker process 22
2025/03/10 11:00:03 [notice] 1#1: start worker process 23
2025/03/10 11:00:03 [notice] 1#1: start worker process 24
2025/03/10 11:00:03 [notice] 1#1: start worker process 25
2025/03/10 11:00:03 [notice] 1#1: start worker process 26
2025/03/10 11:00:03 [notice] 1#1: start worker process 27
2025/03/10 11:02:54 [notice] 1#1: signal 3 (SIGQUIT) received, shutting down
2025/03/10 11:02:54 [notice] 21#21: gracefully shutting down
2025/03/10 11:02:54 [notice] 22#22: gracefully shutting down
2025/03/10 11:02:54 [notice] 23#23: gracefully shutting down
2025/03/10 11:02:54 [notice] 25#25: gracefully shutting down
2025/03/10 11:02:54 [notice] 20#20: gracefully shutting down
2025/03/10 11:02:54 [notice] 21#21: exiting
2025/03/10 11:02:54 [notice] 20#20: exiting
2025/03/10 11:02:54 [notice] 25#25: exiting
2025/03/10 11:02:54 [notice] 22#22: exiting
2025/03/10 11:02:54 [notice] 20#20: exit
2025/03/10 11:02:54 [notice] 21#21: exit
2025/03/10 11:02:54 [notice] 25#25: exit
2025/03/10 11:02:54 [notice] 22#22: exit
2025/03/10 11:02:54 [notice] 24#24: gracefully shutting down
2025/03/10 11:02:54 [notice] 26#26: gracefully shutting down
2025/03/10 11:02:54 [notice] 26#26: exiting
2025/03/10 11:02:54 [notice] 27#27: gracefully shutting down
2025/03/10 11:02:54 [notice] 26#26: exit
2025/03/10 11:02:54 [notice] 24#24: exiting
2025/03/10 11:02:54 [notice] 27#27: exiting
2025/03/10 11:02:54 [notice] 24#24: exit
2025/03/10 11:02:54 [notice] 27#27: exit
2025/03/10 11:02:54 [notice] 1#1: signal 17 (SIGCHLD) received from 20
2025/03/10 11:02:54 [notice] 1#1: worker process 20 exited with code 0
2025/03/10 11:02:54 [notice] 1#1: worker process 25 exited with code 0
2025/03/10 11:02:54 [notice] 1#1: worker process 26 exited with code 0
2025/03/10 11:02:54 [notice] 1#1: signal 29 (SIGIO) received
2025/03/10 11:02:54 [notice] 1#1: signal 17 (SIGCHLD) received from 26
2025/03/10 11:02:54 [notice] 1#1: signal 17 (SIGCHLD) received from 24
2025/03/10 11:02:54 [notice] 1#1: worker process 24 exited with code 0
2025/03/10 11:02:54 [notice] 1#1: signal 29 (SIGIO) received
2025/03/10 11:02:54 [notice] 1#1: signal 17 (SIGCHLD) received from 21
2025/03/10 11:02:54 [notice] 1#1: worker process 21 exited with code 0
2025/03/10 11:02:54 [notice] 1#1: signal 29 (SIGIO) received
2025/03/10 11:02:54 [notice] 1#1: signal 17 (SIGCHLD) received from 22
2025/03/10 11:02:54 [notice] 1#1: worker process 22 exited with code 0
2025/03/10 11:02:54 [notice] 1#1: signal 29 (SIGIO) received
2025/03/10 11:02:54 [notice] 1#1: signal 17 (SIGCHLD) received from 27
2025/03/10 11:02:54 [notice] 1#1: worker process 27 exited with code 0
2025/03/10 11:02:54 [notice] 1#1: signal 29 (SIGIO) received
2025/03/10 11:03:02 [warn] 1#1: server name "https://overherd.local$request_uri" has suspicious symbols in /etc/nginx/conf.d/app.conf:66
2025/03/10 11:03:02 [notice] 1#1: using the "epoll" event method
2025/03/10 11:03:02 [notice] 1#1: nginx/1.24.0
2025/03/10 11:03:02 [notice] 1#1: built by gcc 12.2.1 20220924 (Alpine 12.2.1_git20220924-r4) 
2025/03/10 11:03:02 [notice] 1#1: OS: Linux 5.15.0-131-generic
2025/03/10 11:03:02 [notice] 1#1: getrlimit(RLIMIT_NOFILE): 1048576:1048576
2025/03/10 11:03:02 [notice] 1#1: start worker processes
2025/03/10 11:03:02 [notice] 1#1: start worker process 20
2025/03/10 11:03:02 [notice] 1#1: start worker process 21
2025/03/10 11:03:02 [notice] 1#1: start worker process 22
2025/03/10 11:03:02 [notice] 1#1: start worker process 23
2025/03/10 11:03:02 [notice] 1#1: start worker process 24
2025/03/10 11:03:02 [notice] 1#1: start worker process 25
2025/03/10 11:03:02 [notice] 1#1: start worker process 26
2025/03/10 11:03:02 [notice] 1#1: start worker process 27
2025/03/11 02:12:29 [notice] 1#1: signal 3 (SIGQUIT) received, shutting down
2025/03/11 02:12:29 [notice] 20#20: gracefully shutting down
2025/03/11 02:12:29 [notice] 21#21: gracefully shutting down
2025/03/11 02:12:29 [notice] 22#22: gracefully shutting down
2025/03/11 02:12:29 [notice] 23#23: gracefully shutting down
2025/03/11 02:12:29 [notice] 25#25: gracefully shutting down
2025/03/11 02:12:29 [notice] 24#24: gracefully shutting down
2025/03/11 02:12:29 [notice] 27#27: gracefully shutting down
2025/03/11 02:12:29 [notice] 26#26: gracefully shutting down
2025/03/11 02:12:29 [notice] 25#25: exiting
2025/03/11 02:12:29 [notice] 21#21: exiting
2025/03/11 02:12:29 [notice] 23#23: exiting
2025/03/11 02:12:29 [notice] 24#24: exiting
2025/03/11 02:12:29 [notice] 20#20: exiting
2025/03/11 02:12:29 [notice] 27#27: exiting
2025/03/11 02:12:29 [notice] 24#24: exit
2025/03/11 02:12:29 [notice] 25#25: exit
2025/03/11 02:12:29 [notice] 23#23: exit
2025/03/11 02:12:29 [notice] 21#21: exit
2025/03/11 02:12:29 [notice] 27#27: exit
2025/03/11 02:12:29 [notice] 20#20: exit
2025/03/11 02:12:29 [notice] 1#1: signal 17 (SIGCHLD) received from 25
2025/03/11 02:12:29 [notice] 1#1: worker process 21 exited with code 0
2025/03/11 02:12:29 [notice] 1#1: worker process 23 exited with code 0
2025/03/11 02:12:29 [notice] 1#1: worker process 24 exited with code 0
2025/03/11 02:12:29 [notice] 1#1: worker process 25 exited with code 0
2025/03/11 02:12:29 [notice] 1#1: worker process 27 exited with code 0
2025/03/11 02:12:29 [notice] 1#1: signal 29 (SIGIO) received
2025/03/11 02:12:30 [notice] 1#1: signal 17 (SIGCHLD) received from 20
2025/03/11 02:12:30 [notice] 1#1: worker process 20 exited with code 0
2025/03/11 02:12:30 [notice] 1#1: signal 29 (SIGIO) received
2025/03/11 02:12:30 [notice] 22#22: exiting
2025/03/11 02:12:30 [notice] 22#22: exit
2025/03/11 02:12:30 [notice] 1#1: signal 17 (SIGCHLD) received from 22
2025/03/11 02:12:30 [notice] 1#1: worker process 22 exited with code 0
2025/03/11 02:12:30 [notice] 1#1: signal 29 (SIGIO) received
2025/03/11 02:12:30 [notice] 26#26: exiting
2025/03/11 02:12:30 [notice] 26#26: exit
2025/03/11 02:12:30 [notice] 1#1: signal 17 (SIGCHLD) received from 26
2025/03/11 02:12:30 [notice] 1#1: worker process 26 exited with code 0
2025/03/11 02:12:30 [notice] 1#1: exit
2025/03/11 02:34:27 [warn] 1#1: server name "https://overherd.local$request_uri" has suspicious symbols in /etc/nginx/conf.d/app.conf:66
2025/03/11 02:34:27 [notice] 1#1: using the "epoll" event method
2025/03/11 02:34:27 [notice] 1#1: nginx/1.24.0
2025/03/11 02:34:27 [notice] 1#1: built by gcc 12.2.1 20220924 (Alpine 12.2.1_git20220924-r4) 
2025/03/11 02:34:27 [notice] 1#1: OS: Linux 5.15.0-134-generic
2025/03/11 02:34:27 [notice] 1#1: getrlimit(RLIMIT_NOFILE): 1048576:1048576
2025/03/11 02:34:27 [notice] 1#1: start worker processes
2025/03/11 02:34:27 [notice] 1#1: start worker process 20
2025/03/11 02:34:27 [notice] 1#1: start worker process 21
2025/03/11 02:34:27 [notice] 1#1: start worker process 22
2025/03/11 02:34:27 [notice] 1#1: start worker process 23
2025/03/11 02:34:27 [notice] 1#1: start worker process 24
2025/03/11 02:34:27 [notice] 1#1: start worker process 25
2025/03/11 02:34:27 [notice] 1#1: start worker process 26
2025/03/11 02:34:27 [notice] 1#1: start worker process 27
2025/03/11 02:35:05 [notice] 1#1: signal 3 (SIGQUIT) received, shutting down
2025/03/11 02:35:05 [notice] 20#20: gracefully shutting down
2025/03/11 02:35:05 [notice] 24#24: gracefully shutting down
2025/03/11 02:35:05 [notice] 21#21: gracefully shutting down
2025/03/11 02:35:05 [notice] 23#23: gracefully shutting down
2025/03/11 02:35:05 [notice] 25#25: gracefully shutting down
2025/03/11 02:35:05 [notice] 20#20: exiting
2025/03/11 02:35:05 [notice] 24#24: exiting
2025/03/11 02:35:05 [notice] 21#21: exiting
2025/03/11 02:35:05 [notice] 23#23: exiting
2025/03/11 02:35:05 [notice] 25#25: exiting
2025/03/11 02:35:05 [notice] 27#27: gracefully shutting down
2025/03/11 02:35:05 [notice] 27#27: exiting
2025/03/11 02:35:05 [notice] 24#24: exit
2025/03/11 02:35:05 [notice] 20#20: exit
2025/03/11 02:35:05 [notice] 23#23: exit
2025/03/11 02:35:05 [notice] 21#21: exit
2025/03/11 02:35:05 [notice] 25#25: exit
2025/03/11 02:35:05 [notice] 26#26: gracefully shutting down
2025/03/11 02:35:05 [notice] 26#26: exiting
2025/03/11 02:35:05 [notice] 27#27: exit
2025/03/11 02:35:05 [notice] 26#26: exit
2025/03/11 02:35:05 [notice] 22#22: gracefully shutting down
2025/03/11 02:35:05 [notice] 22#22: exiting
2025/03/11 02:35:05 [notice] 22#22: exit
2025/03/11 02:35:05 [notice] 1#1: signal 17 (SIGCHLD) received from 23
2025/03/11 02:35:05 [notice] 1#1: worker process 23 exited with code 0
2025/03/11 02:35:05 [notice] 1#1: signal 29 (SIGIO) received
2025/03/11 02:35:05 [notice] 1#1: signal 17 (SIGCHLD) received from 20
2025/03/11 02:35:05 [notice] 1#1: worker process 20 exited with code 0
2025/03/11 02:35:05 [notice] 1#1: worker process 25 exited with code 0
2025/03/11 02:35:05 [notice] 1#1: signal 29 (SIGIO) received
2025/03/11 02:35:05 [notice] 1#1: signal 17 (SIGCHLD) received from 27
2025/03/11 02:35:05 [notice] 1#1: worker process 24 exited with code 0
2025/03/11 02:35:05 [notice] 1#1: worker process 27 exited with code 0
2025/03/11 02:35:05 [notice] 1#1: signal 29 (SIGIO) received
2025/03/11 02:35:05 [notice] 1#1: signal 17 (SIGCHLD) received from 21
2025/03/11 02:35:05 [notice] 1#1: worker process 21 exited with code 0
2025/03/11 02:35:05 [notice] 1#1: worker process 22 exited with code 0
2025/03/11 02:35:05 [notice] 1#1: signal 29 (SIGIO) received
2025/03/11 02:35:05 [notice] 1#1: signal 17 (SIGCHLD) received from 26
2025/03/11 02:35:05 [notice] 1#1: worker process 26 exited with code 0
2025/03/11 02:35:05 [notice] 1#1: exit
2025/03/11 02:35:12 [warn] 1#1: server name "https://overherd.local$request_uri" has suspicious symbols in /etc/nginx/conf.d/app.conf:66
2025/03/11 02:35:12 [notice] 1#1: using the "epoll" event method
2025/03/11 02:35:12 [notice] 1#1: nginx/1.24.0
2025/03/11 02:35:12 [notice] 1#1: built by gcc 12.2.1 20220924 (Alpine 12.2.1_git20220924-r4) 
2025/03/11 02:35:12 [notice] 1#1: OS: Linux 5.15.0-134-generic
2025/03/11 02:35:12 [notice] 1#1: getrlimit(RLIMIT_NOFILE): 1048576:1048576
2025/03/11 02:35:12 [notice] 1#1: start worker processes
2025/03/11 02:35:12 [notice] 1#1: start worker process 20
2025/03/11 02:35:12 [notice] 1#1: start worker process 21
2025/03/11 02:35:12 [notice] 1#1: start worker process 22
2025/03/11 02:35:12 [notice] 1#1: start worker process 23
2025/03/11 02:35:12 [notice] 1#1: start worker process 24
2025/03/11 02:35:12 [notice] 1#1: start worker process 25
2025/03/11 02:35:12 [notice] 1#1: start worker process 26
2025/03/11 02:35:12 [notice] 1#1: start worker process 27
2025/03/11 02:48:15 [notice] 1#1: signal 3 (SIGQUIT) received, shutting down
2025/03/11 02:48:15 [notice] 20#20: gracefully shutting down
2025/03/11 02:48:15 [notice] 22#22: gracefully shutting down
2025/03/11 02:48:15 [notice] 23#23: gracefully shutting down
2025/03/11 02:48:15 [notice] 25#25: gracefully shutting down
2025/03/11 02:48:15 [notice] 20#20: exiting
2025/03/11 02:48:15 [notice] 24#24: gracefully shutting down
2025/03/11 02:48:15 [notice] 22#22: exiting
2025/03/11 02:48:15 [notice] 23#23: exiting
2025/03/11 02:48:15 [notice] 25#25: exiting
2025/03/11 02:48:15 [notice] 26#26: gracefully shutting down
2025/03/11 02:48:15 [notice] 26#26: exiting
2025/03/11 02:48:15 [notice] 20#20: exit
2025/03/11 02:48:15 [notice] 25#25: exit
2025/03/11 02:48:15 [notice] 22#22: exit
2025/03/11 02:48:15 [notice] 23#23: exit
2025/03/11 02:48:15 [notice] 26#26: exit
2025/03/11 02:48:15 [notice] 27#27: gracefully shutting down
2025/03/11 02:48:15 [notice] 27#27: exiting
2025/03/11 02:48:15 [notice] 21#21: gracefully shutting down
2025/03/11 02:48:15 [notice] 21#21: exiting
2025/03/11 02:48:15 [notice] 27#27: exit
2025/03/11 02:48:15 [notice] 21#21: exit
2025/03/11 02:48:15 [notice] 1#1: signal 17 (SIGCHLD) received from 26
2025/03/11 02:48:15 [notice] 1#1: worker process 26 exited with code 0
2025/03/11 02:48:15 [notice] 1#1: signal 29 (SIGIO) received
2025/03/11 02:48:15 [notice] 1#1: signal 17 (SIGCHLD) received from 21
2025/03/11 02:48:15 [notice] 1#1: worker process 21 exited with code 0
2025/03/11 02:48:15 [notice] 1#1: worker process 25 exited with code 0
2025/03/11 02:48:15 [notice] 1#1: worker process 27 exited with code 0
2025/03/11 02:48:15 [notice] 1#1: worker process 20 exited with code 0
2025/03/11 02:48:15 [notice] 1#1: worker process 23 exited with code 0
2025/03/11 02:48:15 [notice] 1#1: signal 29 (SIGIO) received
2025/03/11 02:48:15 [notice] 1#1: signal 17 (SIGCHLD) received from 25
2025/03/11 02:48:15 [notice] 1#1: signal 17 (SIGCHLD) received from 22
2025/03/11 02:48:15 [notice] 1#1: worker process 22 exited with code 0
2025/03/11 02:48:15 [notice] 1#1: signal 29 (SIGIO) received
2025/03/11 02:48:18 [warn] 1#1: server name "https://overherd.local$request_uri" has suspicious symbols in /etc/nginx/conf.d/app.conf:66
2025/03/11 02:48:18 [notice] 1#1: using the "epoll" event method
2025/03/11 02:48:18 [notice] 1#1: nginx/1.24.0
2025/03/11 02:48:18 [notice] 1#1: built by gcc 12.2.1 20220924 (Alpine 12.2.1_git20220924-r4) 
2025/03/11 02:48:18 [notice] 1#1: OS: Linux 5.15.0-134-generic
2025/03/11 02:48:18 [notice] 1#1: getrlimit(RLIMIT_NOFILE): 1048576:1048576
2025/03/11 02:48:18 [notice] 1#1: start worker processes
2025/03/11 02:48:18 [notice] 1#1: start worker process 20
2025/03/11 02:48:18 [notice] 1#1: start worker process 21
2025/03/11 02:48:18 [notice] 1#1: start worker process 22
2025/03/11 02:48:18 [notice] 1#1: start worker process 23
2025/03/11 02:48:18 [notice] 1#1: start worker process 24
2025/03/11 02:48:18 [notice] 1#1: start worker process 25
2025/03/11 02:48:18 [notice] 1#1: start worker process 26
2025/03/11 02:48:18 [notice] 1#1: start worker process 27
2025/03/11 02:52:24 [notice] 1#1: signal 3 (SIGQUIT) received, shutting down
2025/03/11 02:52:24 [notice] 21#21: gracefully shutting down
2025/03/11 02:52:24 [notice] 20#20: gracefully shutting down
2025/03/11 02:52:24 [notice] 23#23: gracefully shutting down
2025/03/11 02:52:24 [notice] 24#24: gracefully shutting down
2025/03/11 02:52:24 [notice] 22#22: gracefully shutting down
2025/03/11 02:52:24 [notice] 25#25: gracefully shutting down
2025/03/11 02:52:24 [notice] 26#26: gracefully shutting down
2025/03/11 02:52:24 [notice] 24#24: exiting
2025/03/11 02:52:24 [notice] 22#22: exiting
2025/03/11 02:52:24 [notice] 21#21: exiting
2025/03/11 02:52:24 [notice] 20#20: exiting
2025/03/11 02:52:24 [notice] 23#23: exiting
2025/03/11 02:52:24 [notice] 26#26: exiting
2025/03/11 02:52:24 [notice] 25#25: exiting
2025/03/11 02:52:24 [notice] 21#21: exit
2025/03/11 02:52:24 [notice] 24#24: exit
2025/03/11 02:52:24 [notice] 20#20: exit
2025/03/11 02:52:24 [notice] 22#22: exit
2025/03/11 02:52:24 [notice] 25#25: exit
2025/03/11 02:52:24 [notice] 26#26: exit
2025/03/11 02:52:24 [notice] 23#23: exit
2025/03/11 02:52:24 [notice] 27#27: gracefully shutting down
2025/03/11 02:52:24 [notice] 27#27: exiting
2025/03/11 02:52:24 [notice] 27#27: exit
2025/03/11 02:52:24 [notice] 1#1: signal 17 (SIGCHLD) received from 20
2025/03/11 02:52:24 [notice] 1#1: worker process 20 exited with code 0
2025/03/11 02:52:24 [notice] 1#1: signal 29 (SIGIO) received
2025/03/11 02:52:24 [notice] 1#1: signal 17 (SIGCHLD) received from 23
2025/03/11 02:52:24 [notice] 1#1: worker process 21 exited with code 0
2025/03/11 02:52:24 [notice] 1#1: worker process 23 exited with code 0
2025/03/11 02:52:24 [notice] 1#1: worker process 25 exited with code 0
2025/03/11 02:52:24 [notice] 1#1: signal 29 (SIGIO) received
2025/03/11 02:52:24 [notice] 1#1: signal 17 (SIGCHLD) received from 21
2025/03/11 02:52:24 [notice] 1#1: signal 17 (SIGCHLD) received from 22
2025/03/11 02:52:24 [notice] 1#1: worker process 22 exited with code 0
2025/03/11 02:52:24 [notice] 1#1: signal 29 (SIGIO) received
2025/03/11 02:52:24 [notice] 1#1: signal 17 (SIGCHLD) received from 26
2025/03/11 02:52:24 [notice] 1#1: worker process 26 exited with code 0
2025/03/11 02:52:24 [notice] 1#1: signal 29 (SIGIO) received
2025/03/11 02:52:24 [notice] 1#1: signal 17 (SIGCHLD) received from 27
2025/03/11 02:52:24 [notice] 1#1: worker process 27 exited with code 0
2025/03/11 02:52:24 [notice] 1#1: signal 17 (SIGCHLD) received from 24
2025/03/11 02:52:24 [notice] 1#1: worker process 24 exited with code 0
2025/03/11 02:52:24 [notice] 1#1: exit
2025/03/11 02:52:33 [warn] 1#1: server name "https://overherd.local$request_uri" has suspicious symbols in /etc/nginx/conf.d/app.conf:66
2025/03/11 02:52:33 [notice] 1#1: using the "epoll" event method
2025/03/11 02:52:33 [notice] 1#1: nginx/1.24.0
2025/03/11 02:52:33 [notice] 1#1: built by gcc 12.2.1 20220924 (Alpine 12.2.1_git20220924-r4) 
2025/03/11 02:52:33 [notice] 1#1: OS: Linux 5.15.0-134-generic
2025/03/11 02:52:33 [notice] 1#1: getrlimit(RLIMIT_NOFILE): 1048576:1048576
2025/03/11 02:52:33 [notice] 1#1: start worker processes
2025/03/11 02:52:33 [notice] 1#1: start worker process 20
2025/03/11 02:52:33 [notice] 1#1: start worker process 21
2025/03/11 02:52:33 [notice] 1#1: start worker process 22
2025/03/11 02:52:33 [notice] 1#1: start worker process 23
2025/03/11 02:52:33 [notice] 1#1: start worker process 24
2025/03/11 02:52:33 [notice] 1#1: start worker process 25
2025/03/11 02:52:33 [notice] 1#1: start worker process 26
2025/03/11 02:52:33 [notice] 1#1: start worker process 27
2025/03/11 08:41:07 [notice] 1#1: signal 3 (SIGQUIT) received, shutting down
2025/03/11 08:41:07 [notice] 21#21: gracefully shutting down
2025/03/11 08:41:07 [notice] 20#20: gracefully shutting down
2025/03/11 08:41:07 [notice] 22#22: gracefully shutting down
2025/03/11 08:41:07 [notice] 23#23: gracefully shutting down
2025/03/11 08:41:07 [notice] 26#26: gracefully shutting down
2025/03/11 08:41:07 [notice] 27#27: gracefully shutting down
2025/03/11 08:41:07 [notice] 21#21: exiting
2025/03/11 08:41:07 [notice] 20#20: exiting
2025/03/11 08:41:07 [notice] 23#23: exiting
2025/03/11 08:41:07 [notice] 22#22: exiting
2025/03/11 08:41:07 [notice] 26#26: exiting
2025/03/11 08:41:07 [notice] 27#27: exiting
2025/03/11 08:41:07 [notice] 24#24: gracefully shutting down
2025/03/11 08:41:07 [notice] 25#25: gracefully shutting down
2025/03/11 08:41:07 [notice] 24#24: exiting
2025/03/11 08:41:07 [notice] 25#25: exiting
2025/03/11 08:41:07 [notice] 21#21: exit
2025/03/11 08:41:07 [notice] 26#26: exit
2025/03/11 08:41:07 [notice] 27#27: exit
2025/03/11 08:41:07 [notice] 25#25: exit
2025/03/11 08:41:07 [notice] 20#20: exit
2025/03/11 08:41:07 [notice] 22#22: exit
2025/03/11 08:41:07 [notice] 23#23: exit
2025/03/11 08:41:07 [notice] 24#24: exit
2025/03/11 08:41:07 [notice] 1#1: signal 17 (SIGCHLD) received from 25
2025/03/11 08:41:07 [notice] 1#1: worker process 21 exited with code 0
2025/03/11 08:41:07 [notice] 1#1: worker process 25 exited with code 0
2025/03/11 08:41:07 [notice] 1#1: signal 29 (SIGIO) received
2025/03/11 08:41:07 [notice] 1#1: signal 17 (SIGCHLD) received from 21
2025/03/11 08:41:07 [notice] 1#1: worker process 22 exited with code 0
2025/03/11 08:41:07 [notice] 1#1: signal 29 (SIGIO) received
2025/03/11 08:41:07 [notice] 1#1: signal 17 (SIGCHLD) received from 22
2025/03/11 08:41:07 [notice] 1#1: signal 17 (SIGCHLD) received from 20
2025/03/11 08:41:07 [notice] 1#1: worker process 20 exited with code 0
2025/03/11 08:41:07 [notice] 1#1: worker process 24 exited with code 0
2025/03/11 08:41:07 [notice] 1#1: worker process 26 exited with code 0
2025/03/11 08:41:07 [notice] 1#1: worker process 27 exited with code 0
2025/03/11 08:41:07 [notice] 1#1: signal 29 (SIGIO) received
2025/03/11 08:41:07 [notice] 1#1: signal 17 (SIGCHLD) received from 26
2025/03/11 08:41:07 [notice] 1#1: signal 17 (SIGCHLD) received from 23
2025/03/11 08:41:07 [notice] 1#1: worker process 23 exited with code 0
2025/03/11 08:41:07 [notice] 1#1: exit
2025/03/11 08:41:13 [warn] 1#1: server name "https://overherd.local$request_uri" has suspicious symbols in /etc/nginx/conf.d/app.conf:66
2025/03/11 08:41:13 [notice] 1#1: using the "epoll" event method
2025/03/11 08:41:13 [notice] 1#1: nginx/1.24.0
2025/03/11 08:41:13 [notice] 1#1: built by gcc 12.2.1 20220924 (Alpine 12.2.1_git20220924-r4) 
2025/03/11 08:41:13 [notice] 1#1: OS: Linux 5.15.0-134-generic
2025/03/11 08:41:13 [notice] 1#1: getrlimit(RLIMIT_NOFILE): 1048576:1048576
2025/03/11 08:41:13 [notice] 1#1: start worker processes
2025/03/11 08:41:13 [notice] 1#1: start worker process 20
2025/03/11 08:41:13 [notice] 1#1: start worker process 21
2025/03/11 08:41:13 [notice] 1#1: start worker process 22
2025/03/11 08:41:13 [notice] 1#1: start worker process 23
2025/03/11 08:41:13 [notice] 1#1: start worker process 24
2025/03/11 08:41:13 [notice] 1#1: start worker process 25
2025/03/11 08:41:13 [notice] 1#1: start worker process 26
2025/03/11 08:41:13 [notice] 1#1: start worker process 27
2025/03/11 08:45:20 [notice] 1#1: signal 3 (SIGQUIT) received, shutting down
2025/03/11 08:45:20 [notice] 20#20: gracefully shutting down
2025/03/11 08:45:20 [notice] 21#21: gracefully shutting down
2025/03/11 08:45:20 [notice] 23#23: gracefully shutting down
2025/03/11 08:45:20 [notice] 27#27: gracefully shutting down
2025/03/11 08:45:20 [notice] 22#22: gracefully shutting down
2025/03/11 08:45:20 [notice] 20#20: exiting
2025/03/11 08:45:20 [notice] 21#21: exiting
2025/03/11 08:45:20 [notice] 23#23: exiting
2025/03/11 08:45:20 [notice] 22#22: exiting
2025/03/11 08:45:20 [notice] 27#27: exiting
2025/03/11 08:45:20 [notice] 25#25: gracefully shutting down
2025/03/11 08:45:20 [notice] 25#25: exiting
2025/03/11 08:45:20 [notice] 24#24: gracefully shutting down
2025/03/11 08:45:20 [notice] 24#24: exiting
2025/03/11 08:45:20 [notice] 25#25: exit
2025/03/11 08:45:20 [notice] 27#27: exit
2025/03/11 08:45:20 [notice] 24#24: exit
2025/03/11 08:45:20 [notice] 26#26: gracefully shutting down
2025/03/11 08:45:20 [notice] 26#26: exiting
2025/03/11 08:45:20 [notice] 21#21: exit
2025/03/11 08:45:20 [notice] 26#26: exit
2025/03/11 08:45:20 [notice] 20#20: exit
2025/03/11 08:45:20 [notice] 23#23: exit
2025/03/11 08:45:20 [notice] 22#22: exit
2025/03/11 08:45:20 [notice] 1#1: signal 17 (SIGCHLD) received from 24
2025/03/11 08:45:20 [notice] 1#1: worker process 24 exited with code 0
2025/03/11 08:45:20 [notice] 1#1: signal 29 (SIGIO) received
2025/03/11 08:45:20 [notice] 1#1: signal 17 (SIGCHLD) received from 25
2025/03/11 08:45:20 [notice] 1#1: worker process 22 exited with code 0
2025/03/11 08:45:20 [notice] 1#1: worker process 20 exited with code 0
2025/03/11 08:45:20 [notice] 1#1: worker process 25 exited with code 0
2025/03/11 08:45:20 [notice] 1#1: worker process 26 exited with code 0
2025/03/11 08:45:20 [notice] 1#1: signal 29 (SIGIO) received
2025/03/11 08:45:20 [notice] 1#1: signal 17 (SIGCHLD) received from 22
2025/03/11 08:45:20 [notice] 1#1: signal 17 (SIGCHLD) received from 21
2025/03/11 08:45:20 [notice] 1#1: worker process 21 exited with code 0
2025/03/11 08:45:20 [notice] 1#1: signal 29 (SIGIO) received
2025/03/11 08:45:20 [notice] 1#1: signal 17 (SIGCHLD) received from 23
2025/03/11 08:45:20 [notice] 1#1: worker process 23 exited with code 0
2025/03/11 08:45:20 [notice] 1#1: signal 29 (SIGIO) received
2025/03/11 08:45:20 [notice] 1#1: signal 17 (SIGCHLD) received from 27
2025/03/11 08:45:20 [notice] 1#1: worker process 27 exited with code 0
2025/03/11 08:45:20 [notice] 1#1: exit
2025/03/11 08:59:45 [warn] 1#1: server name "https://overherd.local$request_uri" has suspicious symbols in /etc/nginx/conf.d/app.conf:66
2025/03/11 08:59:45 [notice] 1#1: using the "epoll" event method
2025/03/11 08:59:45 [notice] 1#1: nginx/1.24.0
2025/03/11 08:59:45 [notice] 1#1: built by gcc 12.2.1 20220924 (Alpine 12.2.1_git20220924-r4) 
2025/03/11 08:59:45 [notice] 1#1: OS: Linux 5.15.0-134-generic
2025/03/11 08:59:45 [notice] 1#1: getrlimit(RLIMIT_NOFILE): 1048576:1048576
2025/03/11 08:59:45 [notice] 1#1: start worker processes
2025/03/11 08:59:45 [notice] 1#1: start worker process 20
2025/03/11 08:59:45 [notice] 1#1: start worker process 21
2025/03/11 08:59:45 [notice] 1#1: start worker process 22
2025/03/11 08:59:45 [notice] 1#1: start worker process 23
2025/03/11 08:59:45 [notice] 1#1: start worker process 24
2025/03/11 08:59:45 [notice] 1#1: start worker process 25
2025/03/11 08:59:45 [notice] 1#1: start worker process 26
2025/03/11 08:59:45 [notice] 1#1: start worker process 27
2025/03/11 09:21:04 [notice] 1#1: signal 3 (SIGQUIT) received, shutting down
2025/03/11 09:21:04 [notice] 21#21: gracefully shutting down
2025/03/11 09:21:04 [notice] 26#26: gracefully shutting down
2025/03/11 09:21:04 [notice] 23#23: gracefully shutting down
2025/03/11 09:21:04 [notice] 26#26: exiting
2025/03/11 09:21:04 [notice] 23#23: exiting
2025/03/11 09:21:04 [notice] 21#21: exiting
2025/03/11 09:21:04 [notice] 26#26: exit
2025/03/11 09:21:04 [notice] 23#23: exit
2025/03/11 09:21:04 [notice] 21#21: exit
2025/03/11 09:21:04 [notice] 24#24: gracefully shutting down
2025/03/11 09:21:04 [notice] 24#24: exiting
2025/03/11 09:21:04 [notice] 24#24: exit
2025/03/11 09:21:04 [notice] 20#20: gracefully shutting down
2025/03/11 09:21:04 [notice] 25#25: gracefully shutting down
2025/03/11 09:21:04 [notice] 25#25: exiting
2025/03/11 09:21:04 [notice] 22#22: gracefully shutting down
2025/03/11 09:21:04 [notice] 25#25: exit
2025/03/11 09:21:04 [notice] 22#22: exiting
2025/03/11 09:21:04 [notice] 22#22: exit
2025/03/11 09:21:04 [notice] 27#27: gracefully shutting down
2025/03/11 09:21:04 [notice] 27#27: exiting
2025/03/11 09:21:04 [notice] 27#27: exit
2025/03/11 09:21:04 [notice] 1#1: signal 17 (SIGCHLD) received from 22
2025/03/11 09:21:04 [notice] 1#1: worker process 22 exited with code 0
2025/03/11 09:21:04 [notice] 1#1: signal 29 (SIGIO) received
2025/03/11 09:21:04 [notice] 1#1: signal 17 (SIGCHLD) received from 26
2025/03/11 09:21:04 [notice] 1#1: worker process 26 exited with code 0
2025/03/11 09:21:04 [notice] 1#1: signal 29 (SIGIO) received
2025/03/11 09:21:04 [notice] 1#1: signal 17 (SIGCHLD) received from 21
2025/03/11 09:21:04 [notice] 1#1: worker process 21 exited with code 0
2025/03/11 09:21:04 [notice] 1#1: signal 29 (SIGIO) received
2025/03/11 09:21:04 [notice] 1#1: signal 17 (SIGCHLD) received from 23
2025/03/11 09:21:04 [notice] 1#1: worker process 23 exited with code 0
2025/03/11 09:21:04 [notice] 1#1: worker process 27 exited with code 0
2025/03/11 09:21:04 [notice] 1#1: signal 29 (SIGIO) received
2025/03/11 09:21:04 [notice] 1#1: signal 17 (SIGCHLD) received from 27
2025/03/11 09:21:04 [notice] 1#1: signal 17 (SIGCHLD) received from 24
2025/03/11 09:21:04 [notice] 1#1: worker process 24 exited with code 0
2025/03/11 09:21:04 [notice] 1#1: worker process 25 exited with code 0
2025/03/11 09:21:04 [notice] 1#1: signal 29 (SIGIO) received
2025/03/11 09:21:04 [notice] 1#1: signal 17 (SIGCHLD) received from 25
2025/03/11 09:21:08 [warn] 1#1: server name "https://overherd.local$request_uri" has suspicious symbols in /etc/nginx/conf.d/app.conf:66
2025/03/11 09:21:08 [notice] 1#1: using the "epoll" event method
2025/03/11 09:21:08 [notice] 1#1: nginx/1.24.0
2025/03/11 09:21:08 [notice] 1#1: built by gcc 12.2.1 20220924 (Alpine 12.2.1_git20220924-r4) 
2025/03/11 09:21:08 [notice] 1#1: OS: Linux 5.15.0-134-generic
2025/03/11 09:21:08 [notice] 1#1: getrlimit(RLIMIT_NOFILE): 1048576:1048576
2025/03/11 09:21:08 [notice] 1#1: start worker processes
2025/03/11 09:21:08 [notice] 1#1: start worker process 20
2025/03/11 09:21:08 [notice] 1#1: start worker process 21
2025/03/11 09:21:08 [notice] 1#1: start worker process 22
2025/03/11 09:21:08 [notice] 1#1: start worker process 23
2025/03/11 09:21:08 [notice] 1#1: start worker process 24
2025/03/11 09:21:08 [notice] 1#1: start worker process 25
2025/03/11 09:21:08 [notice] 1#1: start worker process 26
2025/03/11 09:21:08 [notice] 1#1: start worker process 27
2025/03/11 09:22:51 [notice] 1#1: signal 3 (SIGQUIT) received, shutting down
2025/03/11 09:22:51 [notice] 20#20: gracefully shutting down
2025/03/11 09:22:51 [notice] 24#24: gracefully shutting down
2025/03/11 09:22:51 [notice] 22#22: gracefully shutting down
2025/03/11 09:22:51 [notice] 21#21: gracefully shutting down
2025/03/11 09:22:51 [notice] 23#23: gracefully shutting down
2025/03/11 09:22:51 [notice] 25#25: gracefully shutting down
2025/03/11 09:22:51 [notice] 20#20: exiting
2025/03/11 09:22:51 [notice] 26#26: gracefully shutting down
2025/03/11 09:22:51 [notice] 23#23: exiting
2025/03/11 09:22:51 [notice] 24#24: exiting
2025/03/11 09:22:51 [notice] 22#22: exiting
2025/03/11 09:22:51 [notice] 21#21: exiting
2025/03/11 09:22:51 [notice] 25#25: exiting
2025/03/11 09:22:51 [notice] 26#26: exiting
2025/03/11 09:22:51 [notice] 26#26: exit
2025/03/11 09:22:51 [notice] 24#24: exit
2025/03/11 09:22:51 [notice] 25#25: exit
2025/03/11 09:22:51 [notice] 23#23: exit
2025/03/11 09:22:51 [notice] 20#20: exit
2025/03/11 09:22:51 [notice] 22#22: exit
2025/03/11 09:22:51 [notice] 21#21: exit
2025/03/11 09:22:51 [notice] 27#27: gracefully shutting down
2025/03/11 09:22:51 [notice] 27#27: exiting
2025/03/11 09:22:51 [notice] 27#27: exit
2025/03/11 09:22:51 [notice] 1#1: signal 17 (SIGCHLD) received from 26
2025/03/11 09:22:51 [notice] 1#1: worker process 22 exited with code 0
2025/03/11 09:22:51 [notice] 1#1: worker process 23 exited with code 0
2025/03/11 09:22:51 [notice] 1#1: worker process 24 exited with code 0
2025/03/11 09:22:51 [notice] 1#1: worker process 26 exited with code 0
2025/03/11 09:22:51 [notice] 1#1: signal 29 (SIGIO) received
2025/03/11 09:22:51 [notice] 1#1: signal 17 (SIGCHLD) received from 24
2025/03/11 09:22:51 [notice] 1#1: signal 17 (SIGCHLD) received from 21
2025/03/11 09:22:51 [notice] 1#1: worker process 21 exited with code 0
2025/03/11 09:22:51 [notice] 1#1: signal 29 (SIGIO) received
2025/03/11 09:22:51 [notice] 1#1: signal 17 (SIGCHLD) received from 25
2025/03/11 09:22:51 [notice] 1#1: worker process 20 exited with code 0
2025/03/11 09:22:51 [notice] 1#1: worker process 25 exited with code 0
2025/03/11 09:22:51 [notice] 1#1: worker process 27 exited with code 0
2025/03/11 09:22:51 [notice] 1#1: exit
2025/03/11 09:22:51 [warn] 1#1: server name "https://overherd.local$request_uri" has suspicious symbols in /etc/nginx/conf.d/app.conf:66
2025/03/11 09:22:51 [notice] 1#1: using the "epoll" event method
2025/03/11 09:22:51 [notice] 1#1: nginx/1.24.0
2025/03/11 09:22:51 [notice] 1#1: built by gcc 12.2.1 20220924 (Alpine 12.2.1_git20220924-r4) 
2025/03/11 09:22:51 [notice] 1#1: OS: Linux 5.15.0-134-generic
2025/03/11 09:22:51 [notice] 1#1: getrlimit(RLIMIT_NOFILE): 1048576:1048576
2025/03/11 09:22:51 [notice] 1#1: start worker processes
2025/03/11 09:22:51 [notice] 1#1: start worker process 20
2025/03/11 09:22:51 [notice] 1#1: start worker process 21
2025/03/11 09:22:51 [notice] 1#1: start worker process 22
2025/03/11 09:22:51 [notice] 1#1: start worker process 23
2025/03/11 09:22:51 [notice] 1#1: start worker process 24
2025/03/11 09:22:51 [notice] 1#1: start worker process 25
2025/03/11 09:22:51 [notice] 1#1: start worker process 26
2025/03/11 09:22:51 [notice] 1#1: start worker process 27
2025/03/11 10:32:06 [warn] 1#1: server name "https://overherd.local$request_uri" has suspicious symbols in /etc/nginx/conf.d/app.conf:66
2025/03/11 10:32:06 [notice] 1#1: using the "epoll" event method
2025/03/11 10:32:06 [notice] 1#1: nginx/1.24.0
2025/03/11 10:32:06 [notice] 1#1: built by gcc 12.2.1 20220924 (Alpine 12.2.1_git20220924-r4) 
2025/03/11 10:32:06 [notice] 1#1: OS: Linux 5.15.0-134-generic
2025/03/11 10:32:06 [notice] 1#1: getrlimit(RLIMIT_NOFILE): 1048576:1048576
2025/03/11 10:32:06 [notice] 1#1: start worker processes
2025/03/11 10:32:06 [notice] 1#1: start worker process 20
2025/03/11 10:32:06 [notice] 1#1: start worker process 21
2025/03/11 10:32:06 [notice] 1#1: start worker process 22
2025/03/11 10:32:06 [notice] 1#1: start worker process 23
2025/03/11 10:32:06 [notice] 1#1: start worker process 24
2025/03/11 10:32:06 [notice] 1#1: start worker process 25
2025/03/11 10:32:06 [notice] 1#1: start worker process 26
2025/03/11 10:32:06 [notice] 1#1: start worker process 27
